mS6HcKtnIh1qWVfuv6J94/fI6EpWcsXNyCd8jtmwxX/dD5frh4ZSYwJ37cXEamsd7/MtCGd/8o2VpBtX00RnMH//1xH5ka6b+TYHm1ALxw94pzM=
jkB2LLwAUi8gMBuZIkUNbV9SeMo5/XvJ/fhQFJz1aTc10M4eXaEUGQcsPHShjnBDIn7v8C+8XdUBcL6Y/Z1P9C1ppyQ=
iqLrS5H4uciRGSeFN8meBm+XAWyY+AtRrgA4HlZCpUAQSG3dlwCbnyMsXUOxGeLWHli3jORLP0hS0on/h7nwxvD+6b+qDqEdDMjpeASRl6LAhZmezNhs7ZT55tQ/84NmDJoNHLhAdORDLjP+xQNlWm4Wsa+nUllTpxo=
0+WNhpUrxGLDxzBqgNEkkjcZ/j0XlriG4amLtRWc8LgkQfmrvVROksU1pKWviNwYWfqgG+g6ozx3aC0paZSetMWpX+glbaco
ae7A43kQH7eaJy9hHsYlbjcZ/j0XlriG4a2JuxWc8LgkQfmrvVROksU1pKWviNwYWfqgG+g6ozx3aC0paZSetMWpX+glbaco
DEPxq8qnM2SxPCqoFSSYSrw4MyMAZCkOMJwHXdv6z1QTM6c1L7Pc+mHhMxRdm7VcUj5pkwFdT0nIF3+GofeWU/Ejbqcl
WSx93zHLVl86+YPAbSqjWNxD8Q/SQKNtoP1qY5K7G6Cp6CxugyQjLQUka7djBLFWj/zkMahR3jtJtpf7gEv3L2inIw==
DcKuFrJfpLKJZ40eJgBLjgDSkbxnAxWg6GbiIBIGOTj3Vqd4vN1WK1bL/zglaKD259Rn5TkEd79nFJVuwzyoyczBWrPV1muzRHvTN2SnLw==
zXCXF98D3VYrrt/TeCu6W0s0JnEAZ2pkS/T770IVMvPruPJdJuGIexgzKsW+vUVzhevJPXd+tpKI1TwkoE7DRgx6zXw45LAETE1zX0XjJTpuNnEPJzIZc6c6
iHZTbQtgnKB8kvjHa0FGpXWesbKis5dmNpCQfd0+FirZAFAKHXPc/+mwwFFTEFmiVOgSKDwk1JJWFzZNPG+k4/0sDygKYmV8laFTFH3bVdwy/0mT4h3uyWhXn4aBNzbTEWNOpwU=
jqYcSwZ/xw/evjy2lWRfxtPSxrPDZnjp7ItjtmL4rJ3BFmIazRhcChFryM+dmNyxb3gNcqDQXmjw3GDCAr/K7aAHEBNptIOohvrxDCFJz7QBc4EMgIcFUy4lmpm8v6PmnR/C4wV7QqcJ
j824CS1C6YWlnFGu/di1e6iOtx4MNoOOxn4y3J/6wmSkSIrogopQG1B9+sPCe2tAueg8DnNk842VpBtX00RhMn/z1BH4ka6b+TYHm1ALxw94pzM=
TJBo3uuyMAHWXqnJVwVDOnMe0b5aCk5phs34RaZPxmPxMVXN1cd/UFLAyANQjjgwV+R8vPEm0Oew9mN7vxX9fVG4/lCttW/cPWGnLA==
AE3UZ0Q7biXRtcmAEG+7DEo0JnEAZ2pkS/T770IVMvPruPJdJuGIexgzKsW+vUVzhevJPXd+tpKI1TwkoE7DRgx6zXw46bQEQ01zX0XjJTpuNnEPJzIZc6c6
Mf3x3MO+lQB+hVKzS/OCXNPSxrPDZnjp7ItjtmL4rJ3EFmIazRhcChFryM+dmNyxb3gNcqDQXmjw3GDCAr/K7aAHEBNptIOohvrxDCFJz7QBc4EMg4UFUy4lmpm8v6PmnR/C4wV7QqcJ
n6CJmt3uTJzEZE6XdofWjqiOtx4MNoOOxn4y3J/6wmSkSIrogopQG1B9+sPCe2tAueg8DnNk842VpBtX00RjMX/z1BH4ka6b+TYHm1ALxw94pzM=
/VMlJpTIuH5qXrDMbRNINNxD8Q/SQKNtoP1qY5K7G6Cn6CxugyQjLQUka7djBL1Qj/PkMahR3jtJtpf7gEv3L2inIw==
w2dnTDozjQS77pUc4N+IDQDSkbxnAxWg6GbiIBIGOTj3Vqd4vN1WK1bL/zgraKD259Rn5TkEd79nFJlowzOoyczBWrPV1muzRHvTN2SnLw==
oBw5Qw+LojW6fDaXrFrDs0s0JnEAZ2pkS/T770IVMvPruPJdJuGIexgzKsW+vUVzhevJPXd+tpyI1TwkoE7DRgx6zXw46LYEQ01zX0XjJTpuNnEPJzIZc6c6
U4RB/zEyZgqQ8w+tB4pwznWesbKis5dmNpCTfd0+FirZAFAKHXPc/+mwwFFTEFmiVOgSKDwk1JJWFzZNPG+k4/0sASgKYmV8laFTFH3bVdww+0mT4h3uyWhXn4aBNzbTEWNOpwU=
xvj5/8Zet2hUDSlEbY+hgNPSxrPDZnjp7ItjtmL4r53BFmIazRhcChFryM+dmNyxb3gNcqDQXmjw3GDCAr/K7aAHEBNptI2ohvrxDCFJz7QBc4EMj4MFUy4lmpm8v6PmnR/C4wV7QqcJ
Sbb68jNnhTvqHxKGcWQvWqiOtx4MNoOOxn4y3J/6wmSkSIrogopQG1B9+sPCe2tAt+g8DnNk842VpBtX00RsN3/z1BH4ka6b+TYHm1ALxw94pzM=
V4sY0p4Hh2NkJ3nMr7B9eHMe0b5aCk5phs34RaZPxmPxMVXN1cd/UFLOyANQjjgwV+R8vPEm0Oa09mN7vxX9fVG4/lCttW/cPWGnLA==
zfyzV/jyBSw+J2UHqPMXYEo0JnEAZ2pkS/T770IVMvPruPJdJuGIexgzKsW+vUVzhevJPXd+tpyI1TwkoE7DRgx6zXw46LAEQ01zX0XjJTpuNnEPJzIZc6c6
/1MrT1YK7OBocjYNyXOtU9PSxrPDZnjp7ItjtmL4rJ3FFmIazRhcChFryM+dmNyxb3gNcqDQXmjw3GDCAr/K7aAHEBNptI2ohvrxDCFJz7QBc4EMhYcFUi4lmpm8v6PmnR/C4wV7QqcJ
zEUg9mn7JWoXqztdFRohtKiOtx4MNoOOxn4y3J/6wmSkSIrogopQG1B9+sPCe2tAt+g8DnNk842VpBtX00RgM3/y1BH4ka6b+TYHm1ALxw94pzM=
8ZVXleRC+sTsUEKKiS5di3Me0b5aCk5phs34RaZPxmPxMVXN1cd/UFLOyANQjjgwV+R8vPEm0Oyw9mJ7vxX9fVG4/lCttW/cPWGnLA==
H6f12pb7OtbIa1uBhu30nEo0JnEAZ2pkS/T770IVMvPruPJdJuGIexgzKsW+vUVzhevJPXd+tpyI1TwkoE7DRgx6zXw44rQEQk1zX0XjJTpuNnEPJzIZc6c6
8ZVXleRC+sTsUEKKiS5di3Me0b5aCk5phs34RaZPxmPxMVXN1cd/UFLOyANQjjgwV+R8vPEm0Oyw9mJ7vxX9fVG4/lCttW/cPWGnLA==
vqvVyfjURA76bb1vEMqUEks0J3EAZ2pkS/T770IVMvPruPJdJuGIexgzKsW+vUVzhevJPXd+tpyI1TwkoE7DRgx6zXw44rQEQk1zX0XjJTpuNnEPJzIZc6c6
Cpa2Kv52d/vMKDjSWM4xSNPSxrPDZnjp7ItjtmL4rJ3CFmIazRhcChFryM+dmNyxb3gNcqDQXmjw3GDCAr/K7aAHEBNptI2ohvrxDCFJz7QBc4EMjoYFUi4lmpm8v6PmnR/C4wV7QqcJ
O6lJBCc2hbugAaphnzAQmKiOtx4MNoOOxn4y3J/6wmSkSIrogopQG1B9+sPCe2tAt+g8DnNk842VpBtX00RlMX/y1BH4ka6b+TYHm1ALxw94pzM=
mmACFLpvpVmZGTkhdcSG59xD8Q/SQKNtoP1qY5K7G6Cm6CxugyQjLQUka7djBLRQj/LkMahR3jtJtpf7gEv3L2inIw==
UUve4QI54lUC32JoWWAfLADSkbxnAxWg6GbiIBIGOTj3Vqd4vN1WK1bL/zgqaKD259Rn5TkEd79nFJBowzKoyczBWrPV1muzRHvTN2SnLw==
EBvSMtvEa5xytJpGmMaQeko0JnEAZ2pkS/T770IVMvPruPJdJuGIexgzKsW+vUVzhevJPXd+tp2I1TwkoE7DRgx6zXw44bYEQk1zX0XjJTpuNnEPJzIZc6c6
NaxtRwnUnx0hxuayZ4PsanWesbKis5dmNpCTfd4+FirZAFAKHXPc/+mwwFFTEFmiVOgSKDwk1JJWFzZNPG+k4/0sACgKYmV8laFTFH3bVdw1/EmS4h3uyWhXn4aBNzbTEWNOpwU=
lDbv7ToDvaVTmWGwJBqIENPSxrPDZnjp7ItjtmL4r53CFmIazRhcChFryM+dmNyxb3gNcqDQXmjw3GDCAr/K7aAHEBNptIyohvrxDCFJz7QBc4EMhIMFUi4lmpm8v6PmnR/C4wV7QqcJ
Wq7son687W55XpW68fEpGaiOtx4MNoOOxn4y3J/6wmSkSIrogopQG1B9+sPCe2tAtug8DnNk842VpBtX00RmN3/y1BH4ka6b+TYHm1ALxw94pzM=
j4+GuXlcZLytplmtTS5+i3Me0b5aCk5phs34RaZPxmPxMVXN1cd/UFLPyANQjjgwV+R8vPEm0Oi19mJ7vxX9fVG4/lCttW/cPWGnLA==
lF3dP0uIXK1vKRAzAGwj9Uo0JnEAZ2pkS/T770IVMvPruPJdJuGIexgzKsW+vUVzhevJPXd+tp2I1TwkoE7DRgx6zXw45rEEQk1zX0XjJTpuNnEPJzIZc6c6
T8hVUCi6JuCUXvkhPklgt3Me0b5aCk5phs34RaZPxmPxMVXN1cd/UFLPyANQjjgwV+R8vPEm0Om19mJ7vxX9fVG4/lCttW/cPWGnLA==
hf/oa0dwomlwbC21gb/qh0s0JnEAZ2pkS/T770IVMvPruPJdJuGIexgzKsW+vUVzhevJPXd+tp2I1TwkoE7DRgx6zXw457EEQk1zX0XjJTpuNnEPJzIZc6c6
5CcEl4ucMmlTUh1kQ9CyIXMe0b5aCk5phs34RaZPxmPxMVXN1cd/UFLPyANQjjgwV+R8vPEm0Oy09mJ7vxX9fVG4/lCttW/cPWGnLA==
6V/cKlx5PHR7TmLeacF/KEs0JnEAZ2pkS/T770IVMvPruPJdJuGIexgzKsW+vUVzhevJPXd+tp2I1TwkoE7DRgx6zXw44rAEQk1zX0XjJTpuNnEPJzIZc6c6
686ELmiaF/VjzQWJYuS6j9PSxrPDZnjp7ItjtmL4rJ3DFmIazRhcChFryM+dmNyxb3gNcqDQXmjw3GDCAr/K7aAHEBNptIyohvrxDCFJz7QBc4EMhocFWyklmpm8v6PmnR/C4wV7QqcJ
rPlIjM7PIj+jLLhc2Vg8UaiOtx4MNoOOxn4y3J/6wmSkSIrogopQG1B9+sPCe2tAtug8DnNk842VpBtX00RnM3/70xH4ka6b+TYHm1ALxw94pzM=
TtOghag3Y89VYL5CuSHmGtxD8Q/SQKNtoP1qY5K7G6Co6CxugyQjLQUka7djBLVSj/vjMahR3jtJtpf7gEv3L2inIw==
SGQQmV/53ngXad3NBADeqgDSkbxnAxWg6GbiIBIGOTj3Vqd4vN1WK1bL/zgkaKD259Rn5TkEd79nFJFqwzuvyczBWrPV1muzRHvTN2SnLw==
Vgr1G384fyisG3yYf6uHnks0JnEAZ2pkS/T770IVMvPruPJdJuGIexgzKsW+vUVzhevJPXd+tpOI1TwkoE7DRgx6zXw44LQES0pzX0XjJTpuNnEPJzIZc6c6
gwjENYklTQk/EbSoEgxdx3Me0b5aCk5phs34RaZPxmPxMVXN1cd/UFLByANQjjgwV+R8vPEm0O6w9mt8vxX9fVG4/lCttW/cPWGnLA==
FlPoYP1GAr0lACarqery7Eo0JnEAZ2pkS/T770IVMvPruPJdJuGIexgzKsW+vUVzhevJPXd+tpOI1TwkoE7DRgx6zXw44LQES0pzX0XjJTpuNnEPJzIZc6c6
FyvXk6HqDkS+9QCNi6ey2nWesbKis5dmNpCTfd8+FirZAFAKHXPc/+mwwFFTEFmiVOgSKDwk1JJWFzZNPG+k4/0sDigKYmV8laFTFH3bVdw2/kmb5R3uyWhXn4aBNzbTEWNOpwU=
kMPVhzWNh38gM41b1hHKP9PSxrPDZnjp7ItjtmL4r53DFmIazRhcChFryM+dmNyxb3gNcqDQXmjw3GDCAr/K7aAHEBNptIKohvrxDCFJz7QBc4EMhYUFWyklmpm8v6PmnR/C4wV7QqcJ
G/YJEFTwWe8mB1AAoMvPkKiOtx4MNoOOxn4y3J/6wmSkSIrogopQG1B9+sPCe2tAuOg8DnNk842VpBtX00RnMX/70xH4ka6b+TYHm1ALxw94pzM=
Ig9Zq0REpIcxXBzMj2/+pHMe0b5aCk5phs34RaZPxmPxMVXN1cd/UFLByANQjjgwV+R8vPEm0Oez9mt8vxX9fVG4/lCttW/cPWGnLA==
HfhgItLRcUCtQTF0uyn7sUs0J3EAZ2pkS/T770IVMvPruPJdJuGIexgzKsW+vUVzhevJPXd+tpOI1TwkoE7DRgx6zXw46bcES0pzX0XjJTpuNnEPJzIZc6c6
gAYOwxMIK33Bh2dGRXx93NPSxrPDZnjp7ItjtmL4r53FFmIazRhcChFryM+dmNyxb3gNcqDQXmjw3GDCAr/K7aAHEBNptIKohvrxDCFJz7QBc4EMgoQFWyklmpm8v6PmnR/C4wV7QqcJ
pJFxsuXPSRvq0j6SDqwgtaiOtx4MNoOOxn4y3J/6wmSkSIrogopQG1B9+sPCe2tAuOg8DnNk842VpBtX00RjMH/70xH4ka6b+TYHm1ALxw94pzM=
WTbhIeccJvS4CbAgKsutp3Me0b5aCk5phs34RaZPxmPxMVXN1cd/UFLByANQjjgwV+R8vPEm0Oey9mt8vxX9fVG4/lCttW/cPWGnLA==
XX8UYfrnbPO5D8VSYIPhy0s0J3EAZ2pkS/T770IVMvPruPJdJuGIexgzKsW+vUVzhevJPXd+tpOI1TwkoE7DRgx6zXw46bYES0pzX0XjJTpuNnEPJzIZc6c6
g1kbWaD6HFWg6SJ59hnUNHMe0b5aCk5phs34RaZPxmPxMVXN1cd/UFLByANQjjgwV+R8vPEm0O619mt8vxX9fVG4/lCttW/cPWGnLA==
gFhjSbd1p8o1d1ilsFTeako0JnEAZ2pkS/T770IVMvPruPJdJuGIexgzKsW+vUVzhevJPXd+tpOI1TwkoE7DRgx6zXw44LEES0pzX0XjJTpuNnEPJzIZc6c6
g1kbWaD6HFWg6SJ59hnUNHMe0b5aCk5phs34RaZPxmPxMVXN1cd/UFLByANQjjgwV+R8vPEm0O619mt8vxX9fVG4/lCttW/cPWGnLA==
O4gLZ3BTsxCyXVgRK5jHtks0JnEAZ2pkS/T770IVMvPruPJdJuGIexgzKsW+vUVzhevJPXd+tpOI1TwkoE7DRgx6zXw44LEES0pzX0XjJTpuNnEPJzIZc6c6
Kl50Iy6fz2FLjU7QRBLtUtPSxrPDZnjp7ItjtmL4r53EFmIazRhcChFryM+dmNyxb3gNcqDQXmjw3GDCAr/K7aAHEBNptIKohvrxDCFJz7QBc4EMgoMFWyklmpm8v6PmnR/C4wV7QqcJ
dnMplIAJEq3FQRMJb8Sq0KiOtx4MNoOOxn4y3J/6wmSkSIrogopQG1B9+sPCe2tAuOg8DnNk842VpBtX00RjN3/70xH4ka6b+TYHm1ALxw94pzM=
lcXpSNeYanw7XWxg7oHhY+Z9eH0/wgbGkoSXmOBrAhDJ4ZDqOddKnl4H08nCczRRGYnXp/PrjY+8nQJOW+oa/N8BbhZFk3J7AE1oT/HjMOeeuPPnBihzrsxSvUTYOOVsyKKjByXb1RIuXsH3h2pJW6cS
K6bODFt3wfVkfNi2Fi7/QdR4EyYSiirTPSIjT772UDGoq0T8lU8eUmuBp4vHlhw0Nn1KAuZD7nFfmR6+5Xuiw0A1OGcRCwD/nqDDD+YAI9aM6m2seJGX9Eg6U6+Fs4Wq7qYR3+cCeUOnCg==
UZdY4MSZUV0sOjVqGf0+HdR4EyYSiirTPSIjT772UDGoq0X8lU8eUmuBp4vHlhw0Nn1KAuZD7nFfmB6+5Xuiw0A1OGcRDwnomaDDD+YAI9aM6m2seJOV9E86U6+Fs4Wq7qYR3+cCeUOnCg==
Ukr5N87dh00b52tUZtIlJNR4EyYSiirTPSIjT772UDGoq078lU8eUmuBp4vHlxw0Nn1KAuZD7nFfmR6+5Xuiw0A1OGcRDwnomaDDD+YAI9aM6m2seJiV9E86U6+Fs4Wq7qYR3+cCeUOnCg==
Jkl6cyf3iW3dIOUcSQPLLNxD8Q/SQKNtoP1qY5K7G6Ci6CxugyQjLQUka7djBLdSj//jMahR3jtJtpf7gEv3L2inIw==
w/9pDdNL8Blx83frqGEkTQDSkbxnAxWg6GbiIBIGOTj3Vqd4vN1WK1bL/zguaKD259Rn5TkEd79nFJNqwz+vyczBWrPV1muzRHvTN2SnLw==
SdoWtjBjzUtVvhVMwIVbwks0JnEAZ2pkS/T770IVMvPruPJdJuGIexgzKsW+vUVzhevJPXd+tpmI1TwkoE7DRgx6zXw44rQET0pzX0XjJTpuNnEPJzIZc6c6
vNlZ2KweVWf3RKeOohgaFHMe0b5aCk5phs34RaZPxmPxMVXN1cd/UFLLyANQjjgwV+R8vPEm0Oqw9m98vxX9fVG4/lCttW/cPWGnLA==
PRcZjyrpGca06nyaQ0CYaEo0JnEAZ2pkS/T770IVMvPruPJdJuGIexgzKsW+vUVzhevJPXd+tpmI1TwkoE7DRgx6zXw45LQET0pzX0XjJTpuNnEPJzIZc6c6
vNlZ2KweVWf3RKeOohgaFHMe0b5aCk5phs34RaZPxmPxMVXN1cd/UFLLyANQjjgwV+R8vPEm0Oqw9m98vxX9fVG4/lCttW/cPWGnLA==
xpE9NjOOCPXCdjKIR17SJX40mtQ+kUwvSGtGfUr05vtSARoXy9zaiXa1QL9Y9+KR7mntFyUPYann6j4dCFG0sDDaa6KsHmWoaLB8wA+OuwsVNw1eTtJZGzcmEXenPg==
BjAGN8VNqr2ITFsnG0TnCXMe0b5aCk5phs34RaZPxmPxMVXN1cd/UFLLyANQjjgwV+R8vPEm0Ouw9m98vxX9fVG4/lCttW/cPWGnLA==
TcoYaXa5AtN9W4SJk9m3l380mtQ+kUwvSGtGfUr05vtSARoXy9zaiXa1QL9Y9+KR7mntFyUPYann6j4dCFG0sDDaa6KsHmWoaLF8wA+OuwsVNw1eTtJZGzcmEXenPg==
BjAGN8VNqr2ITFsnG0TnCXMe0b5aCk5phs34RaZPxmPxMVXN1cd/UFLLyANQjjgwV+R8vPEm0Ouw9m98vxX9fVG4/lCttW/cPWGnLA==
1Lhh08gDQ/vtpfAqUWT+wH40mtQ+kUwvSGtGfUr05vtSARoXy9zaiXa1QL9Y9+KR7mntFyUPYann6j4dCFG0sDDaa6KsHmWoaLF8wA+OuwsVNw1eTtJZGzcmEXenPg==
2NYRdbQCKQB1fW3BdVSozXMe0b5aCk5phs34RaZPxmPxMVXN1cd/UFLLyANQjjgwV+R8vPEm0Oiw9m98vxX9fVG4/lCttW/cPWGnLA==
ct4LjfVtEeLJcdgjF7bd/0s0JnEAZ2pkS/T770IVMvPruPJdJuGIexgzKsW+vUVzhevJPXd+tpmI1TwkoE7DRgx6zXw45rQET0pzX0XjJTpuNnEPJzIZc6c6
3u4GFR6K+6KxtnA//HZyKHMe0b5aCk5phs34RaZPxmPxMVXN1cd/UFLLyANQjjgwV+R8vPEm0Omw9m98vxX9fVG4/lCttW/cPWGnLA==
O/Hi4tvw08jKMjC5jxD1tUo0JnEAZ2pkS/T770IVMvPruPJdJuGIexgzKsW+vUVzhevJPXd+tpmI1TwkoE7DRgx6zXw457QET0pzX0XjJTpuNnEPJzIZc6c6
3u4GFR6K+6KxtnA//HZyKHMe0b5aCk5phs34RaZPxmPxMVXN1cd/UFLLyANQjjgwV+R8vPEm0Omw9m98vxX9fVG4/lCttW/cPWGnLA==
cijLXYc+OsxB2OVuGcWoyks0J3EAZ2pkS/T770IVMvPruPJdJuGIexgzKsW+vUVzhevJPXd+tpmI1TwkoE7DRgx6zXw457QET0pzX0XjJTpuNnEPJzIZc6c6
SZk085MPLpSM5CBlk5KjA3Me0b5aCk5phs34RaZPxmPxMVXN1cd/UFLLyANQjjgwV+R8vPEm0Oaw9m98vxX9fVG4/lCttW/cPWGnLA==
vNJrFbEUOmLHbg4+0DTgjEo0J3EAZ2pkS/T770IVMvPruPJdJuGIexgzKsW+vUVzhevJPXd+tpmI1TwkoE7DRgx6zXw46LQET0pzX0XjJTpuNnEPJzIZc6c6
+exBZXJIWfNuLzDz2ToyVXMe0b5aCk5phs34RaZPxmPxMVXN1cd/UFLLyANQjjgwV+R8vPEm0Oew9m98vxX9fVG4/lCttW/cPWGnLA==
WW8HK8GU14OH7LXhTCrEdRzajfV4FAShp3GwdlwINjD2WuRzvN1WK1bL/zguaKD259Rn5TkEd79nFJhqwz+vyczBWrPV1muzRHvTN2SnLw==
549up4W9Kho9xZfPibU/n0jY98EPcGDVx2lCrNUJOBleG3bPmdX1cU2z79zaT0if6BrIXP9AHECpkgCqe7IvoMfBzVG53N5stUF/0DVlpzA=
Madzxu98MG6vqPpPmevSS0o0JnEAZ2pkS/T770IVMvPruPJdJuGIexgzKsW+vUVzhevJPXd+tpmI1TwkoE7DRgx6zXw46LcET0pzX0XjJTpuNnEPJzIZc6c6
/D6C7McpAR9kPcCsjEJWOHWesbKis5dmNpCTfd8+FirYAFAKHXPc/+mwwFFTEFmiVOgSKDwk1JJWFzZNPG+k4/0sBCgKYmV8laFTFH3bVdwx/Emf5R3uyWhXn4aBNzbTEWNOpwU=
R46ZBXY4viiYBmRPNPohZdPSxrPDZnjp7ItjtmL4r53DFmIazBhcChFryM+dmNyxb3gNcqDQXmjw3GDCAr/K7aAHEBNptIiohvrxDCFJz7QBc4EMgIQFXyklmpm8v6PmnR/C4wV7QqcJ
VvA3AUXNs+6nng8YXu6h4qiOtx4MNoOOxn4y3J/6wmSkSIrogopQG1B9+sPCe2tAsug8DnNk842VpBtX00RtMH//0xH4ka6b+TYHm1ALxw94pzM=
0vIGpdQ9tcHMzrbY3hKl6HMe0b5aCk5phs34RaZPxmPxMVXN1cd/UFLLyANQjjgwV+R8vPEm0Ou19m98vxX9fVG4/lCttW/cPWGnLA==
uY/JvRk7XzkuWE0qIDug1ks0JnEAZ2pkS/T770IVMvPruPJdJuGIexgzKsW+vUVzhevJPXd+tpmI1TwkoE7DRgx6zXw45bEET0pzX0XjJTpuNnEPJzIZc6c6
TCgfBd6GqOKt/vmTYTbKu9PSxrPDZnjp7ItjtmL4rJ3IFmIazBhcChFryM+dmNyxb3gNcqDQXmjw3GDCAr/K7aAHEBNptIiohvrxDCFJz7QBc4EMjoIFXyklmpm8v6PmnR/C4wV7QqcJ
9w/Ip1FdUKIeO0H783P1baiOtx4MNoOOxn4y3J/6wmSkSIrogopQG1B9+sPCe2tAsug8DnNk842VpBtX00RkM3/+0xH4ka6b+TYHm1ALxw94pzM=
vjI0hosVfqD1lb6uhNI/lXMe0b5aCk5phs34RaZPxmPxMVXN1cd/UFLLyANQjjgwV+R8vPEm0Omx9m58vxX9fVG4/lCttW/cPWGnLA==
Ylg7dm8V/L+qmllt4piA/Us0J3EAZ2pkS/T770IVMvPruPJdJuGIexgzKsW+vUVzhevJPXd+tpmI1TwkoE7DRgx6zXw457UETkpzX0XjJTpuNnEPJzIZc6c6
6bJaiM/pBJUjcUwZuxl3/dPSxrPDZnjp7ItjtmL4r53EFmIazBhcChFryM+dmNyxb3gNcqDQXmjw3GDCAr/K7aAHEBNptIiohvrxDCFJz7QBc4EMg4YFXiklmpm8v6PmnR/C4wV7QqcJ
YC6yKdKClp6A9Jh8ZTvKfqiOtx4MNoOOxn4y3J/6wmSkSIrogopQG1B9+sPCe2tAsug8DnNk842VpBtX00RgMn/+0xH4ka6b+TYHm1ALxw94pzM=
I3muxEUQiaSLWNRMrWpW0nMe0b5aCk5phs34RaZPxmPxMVXN1cd/UFLLyANQjjgwV+R8vPEm0Ouz9m58vxX9fVG4/lCttW/cPWGnLA==
YsvbRzpKIonrEw+Li9box0o0J3EAZ2pkS/T770IVMvPruPJdJuGIexgzKsW+vUVzhevJPXd+tpmI1TwkoE7DRgx6zXw45bcETkpzX0XjJTpuNnEPJzIZc6c6
nyaURi2TAA8LPyXYXmJFbXWesbKis5dmNpCQfdo+FirZAFAKHXPc/+mwwFFTEFmiVOgSKDwk1JJWFzZNPG+k4/0sBCgKYmV8laFTFH3bVdwz/Eme5R3uyWhXn4aBNzbTEWNOpwU=
+LT8lx4LIa/wyr+Y/xwR79PSxrPDZnjp7ItjtmL4rJ3GFmIazRhcChFryM+dmNyxb3gNcqDQXmjw3GDCAr/K7aAHEBNptIiohvrxDCFJz7QBc4EMgoQFXiklmpm8v6PmnR/C4wV7QqcJ
YeLyStEEUkRhV+3fKMwgNaiOtx4MNoOOxn4y3J/6wmSkSIrogopQG1B9+sPCe2tAsug8DnNk842VpBtX00RjMH/+0xH4ka6b+TYHm1ALxw94pzM=
Eo2/SSSVWyiLitm0hW8tCtxD8Q/SQKNtoP1qY5K7G6Cp6CxugyQjLQUka7djBLJXj/7jMahR3jtJtpf7gEv3L2inIw==
wcPZIx8ihvQ4FQg38ztBzgDSkbxnAxWg6GbiIBIGOTj3Vqd4vN1WK1bL/zglaKD259Rn5TkEd79nFJZvwz6vyczBWrPV1muzRHvTN2SnLw==
1Qv0EjE9O9Z5scgyf8a71ks0J3EAZ2pkS/T770IVMvPruPJdJuGIexgzKsW+vUVzhevJPXd+tpKI1TwkoE7DRgx6zXw457EETkpzX0XjJTpuNnEPJzIZc6c6
EznXC3SozHyvyv0/2cvOXHWesbKis5dmNpCTfdo+FirZAFAKHXPc/+mwwFFTEFmiVOgSKDwk1JJWFzZNPG+k4/0sDygKYmV8laFTFH3bVdww+kme5R3uyWhXn4aBNzbTEWNOpwU=
R4lwRT/Ta/0I9RCNkILZrdPSxrPDZnjp7ItjtmL4r53GFmIazRhcChFryM+dmNyxb3gNcqDQXmjw3GDCAr/K7aAHEBNptIOohvrxDCFJz7QBc4EMj4IFXiklmpm8v6PmnR/C4wV7QqcJ
7zc95fuHhlM25p3qmAtV/aiOtx4MNoOOxn4y3J/6wmSkSIrogopQG1B9+sPCe2tAueg8DnNk842VpBtX00RtNn/+0xH4ka6b+TYHm1ALxw94pzM=
RDrzZLi+Lyj9PdSyXZ7kH3Me0b5aCk5phs34RaZPxmPxMVXN1cd/UFLAyANQjjgwV+R8vPEm0Oyz9m18vxX9fVG4/lCttW/cPWGnLA==
tjxzQSIQCnjdZWTv2J+Vlko0JnEAZ2pkS/T770IVMvPruPJdJuGIexgzKsW+vUVzhevJPXd+tpKI1TwkoE7DRgx6zXw44rcETUpzX0XjJTpuNnEPJzIZc6c6
rIWwkdqZp9ECD4kbEDxKv9PSxrPDZnjp7ItjtmL4rJ3EFmIazRhcChFryM+dmNyxb3gNcqDQXmjw3GDCAr/K7aAHEBNptIOohvrxDCFJz7QBc4EMjoUFXSklmpm8v6PmnR/C4wV7QqcJ
7+SR+pMxiSWbkqaYgnXRvqiOtx4MNoOOxn4y3J/6wmSkSIrogopQG1B9+sPCe2tAueg8DnNk842VpBtX00RlMH/90xH4ka6b+TYHm1ALxw94pzM=
ZrDgaUT2NrVgChBOvG1F7nMe0b5aCk5phs34RaZPxmPxMVXN1cd/UFLAyANQjjgwV+R8vPEm0Ouy9m18vxX9fVG4/lCttW/cPWGnLA==
7TUGEVEetyClGXqFxaDgiEs0JnEAZ2pkS/T770IVMvPruPJdJuGIexgzKsW+vUVzhevJPXd+tpKI1TwkoE7DRgx6zXw45bYETUpzX0XjJTpuNnEPJzIZc6c6
0LIH7Pe7yOSwTq4kTrpfYdPSxrPDZnjp7ItjtmL4rJ3BFmIazRhcChFryM+dmNyxb3gNcqDQXmjw3GDCAr/K7aAHEBNptIOohvrxDCFJz7QBc4EMh4MFXSklmpm8v6PmnR/C4wV7QqcJ
Jt5lQkB9Gu3NpmDwoC5Aq6iOtx4MNoOOxn4y3J/6wmSkSIrogopQG1B9+sPCe2tAueg8DnNk842VpBtX00RkN3/90xH4ka6b+TYHm1ALxw94pzM=
J0iOdpC6FSQDBN2br0wOZtxD8Q/SQKNtoP1qY5K7G6Ci6CxugyQjLQUka7djBLZSj/rlMaFS3jtJtpf7gEv3L2inIw==
qDgXgnaOiGSQ2D3p46UMVgDSkbxnAxWg6GbiIBIGOTj3Vqd4vN1WK1bL/zguaKD259Rn5TkEd79nFJJqwzqpycXCWrPV1muzRHvTN2SnLw==
TeS28u/245+ocoKl4RK86BzajfV4FAShp3GwdlwINjD2WuRzvN1WK1bL/zguaKD259Rn5TkEd79nFJVqwzqpycXCWrPV1muzRHvTN2SnLw==
P8RQJ9QRSuiEOK0K9EJwANxD8Q/SQKNtoP1qY5K7G6Cg6CxugyQjLQUka7djBLFQj/nlMaFS3jtJtpf7gEv3L2inIw==
Hc3/Mo2Fk8HqWJ69od3fNQDSkbxnAxWg6GbiIBIGOTj3Vqd4vN1WK1bL/zgsaKD259Rn5TkEd79nFJVowzmpycXCWrPV1muzRHvTN2SnLw==
kdL82IOc0oLRtXx+lM0UiH80mtQ+kUwvSGtGfUr05vtSARoXy9zaiXa1QL9Y9+KR7mntFyUPYann6j4fCFG0sDDaa6KsHmWoaLB+wAmIuwIWNw1eTtJZGzcmEXenPg==
NFqQHdcrv5W1PQAI1C/eWV9cu0BwAn+f0HznjX5p6+Yhm3se41mvlNJ2UhlK1qX5k/a6wUlAbnR2oypLWIfCQS7ZjYeln8HZpzreLwhhVGBwqssyLI4FGKhiWLAJeJtSVoftzs5C+ev3dnFHpw4=
aRFcW2dSOp+cdXj91I05AnMe0b5aCk5phs34RaZPxmPxMVXN1cd/UFLJyANQjjgwV+R8vPEm0O+y9mh6vxz+fVG4/lCttW/cPWGnLA==
fvwJHc6anqb12aHqa7n4rBzajfV4FAShp3GwdlwINjD2WuRzvN1WK1bL/zgsaKD259Rn5TkEd79nFJBowzipycXCWrPV1muzRHvTN2SnLw==
4hG4mAOZjcdpr05/rM6dwxfSBEMq86QtedGjrZH3HNKBjY30CGx1fbW4vvmYZvsftEiayHLKALvA/Uojcju7YMDozC4jpEPtJSSL9wOEEBBv+MXxwdJ+e2m29zsgyxdvSKcD
ZbzNLoG+5bq7VozkIKeJtFcz57wQCv1AnPKRqKfgy0QrFSq6r+DgZSc5Alz1GTgpPsu2vzlFdcGt468s+l1Ir4jKCCxf0JzwScJAU12iKJanGA4hGUxe3FURPyAVdacA
ooW5YkKFe0sjX3LgcZ9yFQYQd8UMXcbLJguvGB5okNY3lJeFqYTHHzfU4I/TOLjp9YKK0yVW+xP0u4PXFKdf
0Ex9F317WGh7SpC/ww4s380P9QDTRqNwoP1qY5K7G6Ci6CxugyQjLQUka7djBLZXj/jkMaFS3jtJtpf7gEv3L2inIw==
GYMF/B/GS2WpgWpKK14khhzajfV4FAShp3GwdlwINjD2WuRzvN1WK1bL/zguaKD259Rn5TkEd79nFJNuwzioycXCWrPV1muzRHvTN2SnLw==
qWf5GKIxr20ZvipxfMeNc4rxLhY3hYy+K1FTiLj1fj6t0wIoLETkUuZ3hs2sD3QjrQz0KHpCtTzFQcOUzTvlnAcaWZjyPZeKmPfvBhGXZhPBA36nNQ==
yFAGhY+mm2bg/+lT3eWxvbKGu6+mrYkiDD3K4v8oIB2X0aLEZZG4kc5j1mfpDTU5nYuPNOpXSJf44uh0DxhciPkq4MLNKq8vV7Bu+ckEHiRleR84BX2nOA==
UnrjbgL/A1jINaLSmPXkGrKGsK+mrYkiDD3K4v8oIB2X0aLEZZG4kc5j1mfpDTU5nYuPNOpXSJf44uh0DxhciPkq4MnMKq8vV7Bu+ckEHiRleR84BX2nOA==
Yx6aOAp0PmNhALtkME6LD7KGvK+mrYkiDD3K4v8oIB2X0aLEZZG4kc5j1mfpDTU5nYuPNOpXSJf44uh0DxhciPkq4MzMKq8vV7Bu+ckEHiRleR84BX2nOA==
h4SMSX//mOnDSvBb+10gxLKGvq+mrYgiDD3K4v8oIB2X0aLEZZG4kc5j1mfpDTU5nYuPNOpXSJf44uh0DxhciPkq4MrIKq4vV7Bu+ckEHiRleR84BX2nOA==
2bXskDY2jrwLzvSnZMLm5DYvmQzHuc3mouDNYkV10JbHxAA5f+3SEL3d+FWGPwbTkaHVXTV3P6By28gTcH54gLd0/CyRlhCXkOZua59sPs0xKH7ATQUvLB1xpzw=
+jdme8zpiGO9bENmPuXfbAjdmvUpWAKxvHb/J1gINjD2WuRzvN1WK1bL/zguaKD259Rn5TkEd79nFJBpwz6oycXCWrPV1muzRHvTN2SnLw==
Ne+uYlfEwPGFG02BNmV93gDSkbxnAxWg6GbiIBIGOTj3Vqd4vN1WK1bL/zguaKD259Rn5TkEd79nFJduwz6oycXCWrPV1muzRHvTN2SnLw==
K4o5x4kn4SwiFBrccMpjOBzajfV4FAShp3GwdlwINjD2WuRzvN1WK1bL/zguaKD259Rn5TkEd79nFJduwz6oycXCWrPV1muzRHvTN2SnLw==
WzknPeTSnQ/NE22dpMUc0txD8Q/SQKNtoP1qY5K7G6Cp6CxugyQjLQUka7djBL1Rj/3kMaFS3jtJtpf7gEv3L2inIw==
xkLMaJ0e7bIOOhgcp9rR5QDSkbxnAxWg6GbiIBIGOTj3Vqd4vN1WK1bL/zglaKD259Rn5TkEd79nFJlpwz2oycXCWrPV1muzRHvTN2SnLw==
Z9QKOx32PS8cbuWHBjTLyUs0JnEAZ2pkS/T770IVMvPruPJdJuGIexgzKsW+vUVzhevJPXd+tpKI1TwkoE7DRgx6zXw46LcETU1zVkbjJTpuNnEPJzIZc6c6
+O2R1dZ8t9/vyrsxqpUgCHMe0b5aCk5phs34RaZPxmPxMVXN1cd/UFLAyANQjjgwV+R8vPEm0Oez9m17vxz+fVG4/lCttW/cPWGnLA==
4d2mbD9/kQpaj9FfOZg3n0o0JnEAZ2pkS/T770IVMvPruPJdJuGIexgzKsW+vUVzhevJPXd+tpKI1TwkoE7DRgx6zXw46bcETU1zVkbjJTpuNnEPJzIZc6c6
XYSekK9T0tvUWYYZNe7F5nMe0b5aCk5phs34RaZPxmPxMVXN1cd/UFLAyANQjjgwV+R8vPEm0O6y9m17vxz+fVG4/lCttW/cPWGnLA==
Z7iBB61LkrrpyncwazPKsUs0J3EAZ2pkS/T770IVMvPruPJdJuGIexgzKsW+vUVzhevJPXd+tpKI1TwkoE7DRgx6zXw44LYETU1zVkbjJTpuNnEPJzIZc6c6
1ng5dar0z8Ek/iIYCfpfhHMe0b5aCk5phs34RaZPxmPxMVXN1cd/UFLAyANQjjgwV+R8vPEm0O+y9m17vxz+fVG4/lCttW/cPWGnLA==
MMSChBe9vFs+XcGTx+s9s340mtQ+kUwvSGtGfUr05vtSARoXy9zaiXa1QL9Y9+KR7mntFyUPYann6j4WCFG0sDDaa6KsHmWoaLV+wA2JuwIWNw1eTtJZGzcmEXenPg==
Y6eo0rVoa9gF2w9ER0JF63Me0b5aCk5phs34RaZPxmPxMVXN1cd/UFLAyANQjjgwV+R8vPEm0Oyy9m17vxz+fVG4/lCttW/cPWGnLA==
Sl+LhDH9BM49q1W+VFM4yH80mtQ+kUwvSGtGfUr05vtSARoXy9zaiXa1QL9Y9+KR7mntFyUPYann6j4WCFG0sDDaa6KsHmWoaLZ+wA2JuwIWNw1eTtJZGzcmEXenPg==
Du2bODOrDDI2XIu6fqWTNnMe0b5aCk5phs34RaZPxmPxMVXN1cd/UFLAyANQjjgwV+R8vPEm0O+09m17vxz+fVG4/lCttW/cPWGnLA==
LyMCuczLiERDS7BkEjtyblJx9r6GWrpo0BzAQuJ/qu1AR7CTyfRjqOY6UYyBia+04TPhjCLCJV1OZXMaHH+D5r3fomPlO2KnKQ==
cc2rW0RrXL7d3JeYtpR/8gYQd9gMXcbLJguvGBVokNY3lJeFqYTHHzfU5onTPLjp9YKK0yVW+xP0u4PXFKdf
kuqJyLKKcWKyUiM5/S5XJM0P9QDTRqNwoP1qY5K7G6Cp6CxugyQjLQUka7djBLVQj/zkMaFS3jtJtpf7gEv3L2inIw==
PU4kSlFKldTcwbqeqY8YLvbJ6VoIJIndlHQoidOhhC6gSIrogopQG1B9+sPCe2tAueg8DnNk842VpBtX00RjM3/z1BHxkq6b+TYHm1ALxw94pzM=
AaMpk1OlheClqrODnlrC9kjY98EPcGDVx2lCrNUJOBleG3bPmdX1cU2z79zaT0if6BrIXP9AHECpkgCnerIjp8fIzlG53N5stUF/0DVlpzA=
4tw8pyo+u8aOIz5IHSb74Uo0J3EAZ2pkS/T770IVMvPruPJdJuGIexgzKsW+vUVzhevJPXd+tpmI1TwkoE7DRgx6zXw45bYEQ01zVkbjJTpuNnEPJzIZc6c6
x/2ygRWZdMTceagweAVyPEp6I2jaj2bJ2xPRpJ5L+0LZDXPi+I2m35GbiO2pRg0tbXgGicDGE688yBI42qpYCzg9EnNK25NwwejEPgvEez39ZPNH22S5Y+dyTEGpcqaL0fav69jrf39Apws=
uv3ciCiSvcp4WRPvQ9x+L9xD8Q/SQKNtoP1qY5K7G6Cn6CxugyQjLQUka7djBLFRj/LkMaFS3jtJtpf7gEv3L2inIw==
lbuJ7VdbRcgeJLb3a0hscADSkbxnAxWg6GbiIBIGOTj3Vqd4vN1WK1bL/zgraKD259Rn5TkEd79nFJVpwzKoycXCWrPV1muzRHvTN2SnLw==
4TcEG2jt1WbbbZMgg0OmbUs0JnEAZ2pkS/T770IVMvPruPJdJuGIexgzKsW+vUVzhevJPXd+tpyI1TwkoE7DRgx6zXw45LcEQk1zVkbjJTpuNnEPJzIZc6c6
JYZzuNSh6fz/Fstzc26nMkp6Imjaj2bJ2xPRpJ5L+ELeDXPi+I2m35GbiO2pRg0tbXgGicDGE688yBI42qpYCzg9EnNK25NwwejEPgvEez39ZPNH22S1YOdyTEGpcqaL0fav69jrf39Apws=
6acdGd8y7PsTPLEhZxIZetxD8Q/SQKNtoP1qY5K7G6Co6CxugyQjLQUka7djBLVWj/LkMaFS3jtJtpf7gEv3L2inIw==
V3xZ+SEXXlrTeCwToZNYfgDSkbxnAxWg6GbiIBIGOTj3Vqd4vN1WK1bL/zgkaKD259Rn5TkEd79nFJFuwzKoycXCWrPV1muzRHvTN2SnLw==
QvF81AqNDS0vi3rJMfSCYUs0JnEAZ2pkS/T770IVMvPruPJdJuGIexgzKsW+vUVzhevJPXd+tpOI1TwkoE7DRgx6zXw44LAEQk1zVkbjJTpuNnEPJzIZc6c6
Lp8Ec3hjRfNi2Y8pFdwoFEp6JWjaj2bJ2xPRpJ5L+ELbDXPi+I2m35GbiO2pRg0tbXgGicDGE688yBI42qpYCzg9EnNK25NwwejEPgvEez39ZPNH22S/Y+d7S0GpcqaL0fav69jrf39Apws=
igwLs2KTVjBwAcNVr487ogjdmvUpWAKxvHb/J1gINjD2WuRzvN1WK1bL/zglaKD259Rn5TkEd79nFJBpwzuvycXCWrPV1muzRHvTN2SnLw==
hq2i5+G/euKR+8NACpfXpXMe0b5aCk5phs34RaZPxmPxMVXN1cd/UFLLyANQjjgwV+R8vPEm0O+x9mp8vxz+fVG4/lCttW/cPWGnLA==
rhyBRWHVal+Bz86rP3mqmEs0JnEAZ2pkS/T770IVMvPruPJdJuGIexgzKsW+vUVzhevJPXd+tpmI1TwkoE7DRgx6zXw44bUESkpzVkbjJTpuNnEPJzIZc6c6
eojemeKI2mjnn1OnZGtroHMe0b5aCk5phs34RaZPxmPxMVXN1cd/UFLOyANQjjgwV+R8vPEm0Oaw9m98vxz+fVG4/lCttW/cPWGnLA==
yACFSG8tLajV1eRQkCmMjUs0JnEAZ2pkS/T770IVMvPruPJdJuGIexgzKsW+vUVzhevJPXd+tpyI1TwkoE7DRgx6zXw46LQET0pzVkbjJTpuNnEPJzIZc6c6
kxDQd96Y/9lGQ6vWFHWxIHMe0b5aCk5phs34RaZPxmPxMVXN1cd/UFLOyANQjjgwV+R8vPEm0Oew9m98vxz+fVG4/lCttW/cPWGnLA==
nBbK5OvPL32TlfHcXhhxR0o0JnEAZ2pkS/T770IVMvPruPJdJuGIexgzKsW+vUVzhevJPXd+tpyI1TwkoE7DRgx6zXw46bQET0pzVkbjJTpuNnEPJzIZc6c6
DdD01sDGPogBl+pMGPMhKHMe0b5aCk5phs34RaZPxmPxMVXN1cd/UFLOyANQjjgwV+R8vPEm0O6z9m98vxz+fVG4/lCttW/cPWGnLA==
lPxdxloM0Gu29Dibc/+EIEs0J3EAZ2pkS/T770IVMvPruPJdJuGIexgzKsW+vUVzhevJPXd+tpyI1TwkoE7DRgx6zXw44LcET0pzVkbjJTpuNnEPJzIZc6c6
EVTnNho5AoUBfN796wScD3Me0b5aCk5phs34RaZPxmPxMVXN1cd/UFLOyANQjjgwV+R8vPEm0Oiy9m98vxz+fVG4/lCttW/cPWGnLA==
wQPFearpRHaJuvVdWor8fX80mtQ+kUwvSGtGfUr05vtSARoXy9zaiXa1QL9Y9+KR7mntFyUPYann6j4YCFG0sDDaa6KsHmWoaLJ+wA+OuwIWNw1eTtJZGzcmEXenPg==
4YAUHi/cTHiKId6dgDN3Dl9cu0BwAn+f0HznjX5p7uYhm3se41mvlNJ2UhlK1qX5k/a6wUlAbnR2oypLWIfCQS7ZjYeln8HZpzreKAhhVGBwqssyLI4FGKhjWbAPfptSVoftzs5C+ev3dnFHpw4=
X8EPJqsMiGh78yz21yGVNqiOtx4MNoOOxn4y3J/6wmSkSIrogopQG1B9+sPCe2tAt+g8DnNk842VpBtX00RlNn//0xHxkq6b+TYHm1ALxw94pzM=
sO2NSzVu0XeUG3XNunBGKNxD8Q/SQKNtoP1qY5K7G6Cg6CxugyQjLQUka7djBLJWj//jMaFS3jtJtpf7gEv3L2inIw==
mh/aLv3SR1Vox14zVjZhIwDSkbxnAxWg6GbiIBIGOTj3Vqd4vN1WK1bL/zgsaKD259Rn5TkEd79nFJZuwz+vycXCWrPV1muzRHvTN2SnLw==
/gawvha0wi1uzuJgUdHsjn80mtQ+kUwvSGtGfUr05vtSARoXy9zaiXa1QL9Y9+KR7mntFyUPYann6j4fCFG0sDDaa6KsHmWoaLN4wA+OuwIWNw1eTtJZGzcmEXenPg==
ir5ouJ64LkLqdeePvjRnFHMe0b5aCk5phs34RaZPxmPxMVXN1cd/UFLOyANQjjgwV+R8vPEm0O2x9m58vxz+fVG4/lCttW/cPWGnLA==
HjKN/H93GIjVEw57d1Ds3H80mtQ+kUwvSGtGfUr05vtSARoXy9zaiXa1QL9Y9+KR7mntFyUPYann6j4YCFG0sDDaa6KsHmWoaLd9wA6OuwIWNw1eTtJZGzcmEXenPg==
0qkyd4TJV5eFcMLU9A8okF9cu0BwAn+f0HznjX5p6+Uhm3se41mvlNJ2UhlK1qX5k/a6wUlAbnR2oypLWIfCQS7ZjYeln8HZpzreKAhhVGBwqssyLI4FGKhtXbAOfptSVoftzs5C+ev3dnFHpw4=
d0Lpfc1foZ+e9+bBRHmOXHMe0b5aCk5phs34RaZPxmPxMVXN1cd/UFLOyANQjjgwV+R8vPEm0O+09mx8vxz+fVG4/lCttW/cPWGnLA==
NRvmv7VOBI4IGTYm0ls7FlJx9r6GWrpo0BzAQuJ/qu1AR7CTyfRtqOY6UYyBia+04TPhjCPCJVxJZXMaHH+D5r3fomPlO2KnKQ==
vckAG8WaOi9mOsXgHl/jhc0P9QDTRqNwoP1qY5K7G6Cn6CxugyQjLQUka7djBL1Wj/zjMaFS3jtJtpf7gEv3L2inIw==
E7K8kaGKxqDF3QyFaQjVkvbJ61oIJIndlHQoidOhhC6gSIrogopQG1B9+sPCe2tAt+g8DnNk842VpBtX00RjM3/z0xHxkq6b+TYHm1ALxw94pzM=
1jjr3sS8uOxwktv07uRM7eZjfHAtwAPckN7Hw6AuARft+MO7UcdD1A1CiJSpYntOS9aP4+Lgw97whxN/WvYJl5hbeh1ehTVbRQN5RdemZrSI/ez8ADZzrsxSvUTYO+dsw6KjDibb1RIuXsH3h2pJW6cS
L8xeCNwN8zeGfP5gBB5WXqtYmZ7Ylb59gCRsLTNu2E92keRhersTkp9VO9LTZa+9jYuXzaymJR0lOE5ZKCarP0RIqqgiCvBbcH3ag6L7iwDX6NzOE+QTTbWkO5dzxMXwX/Oz0RESztsZNmfb8ItnT1inEw==
PPGDiBV8p63X1HqLMK2NlUp6IGjaj2bJ2xPRpJ5L+0LeDXPi+I2m35GbiO2pRg0tbXgGicDGE688yBI42qpYCzg9EnNK25Nwz+jEPgvEez39ZPNH22S1Y+dyS0GpcqaL0fav69jrf39Apws=
GohgE9HlqZuOglvTx8iL8XMe0b5aCk5phs34RaZPxmPxMVXN1cd/UFLByANQjjgwV+R8vPEm0O2y9mJ8vxz+fVG4/lCttW/cPWGnLA==
qJ1nn0HzAYC2Zjc28PyRhEs0J3EAZ2pkS/T770IVMvPruPJdJuGIexgzKsW+vUVzhevJPXd+tpOI1TwkoE7DRgx6zXw447YEQkpzVkbjJTpuNnEPJzIZc6c6
pJTqqiZyMBnWCXOYM6nffdxD8Q/SQKNtoP1qY5K7G6Cm6CxugyQjLQUka7djBLRXj/LjMaFS3jtJtpf7gEv3L2inIw==
NlpGd9I/60/ErmV2kr1uEwDSkbxnAxWg6GbiIBIGOTj3Vqd4vN1WK1bL/zgqaKD259Rn5TkEd79nFJBvwzKvycXCWrPV1muzRHvTN2SnLw==
7sQpAeNzwXgJlSfw9r4pRko0JnEAZ2pkS/T770IVMvPruPJdJuGIexgzKsW+vUVzhevJPXd+tp2I1TwkoE7DRgx6zXw44bEEQkpzVkbjJTpuNnEPJzIZc6c6
V3jic3v895B+5TLNl41CG0p6JWjaj2bJ2xPRpJ5L+ELaDXPi+I2m35GbiO2pRg0tbXgGicDGE688yBI42qpYCzg9EnNK25Nwz+jEPgvEez39ZPNH22S/ZudyS0GpcqaL0fav69jrf39Apws=
aGFhYK10ycxrnu2aZ6yEtUp6JGjaj2bJ2xPRpJ5L+ELdDXPi+I2m35GbiO2pRg0tbXgGicDGE688yBI42qpYCzg9EnNK25Nwz+jEPgvEez39ZPNH22S4Y+d7SkGpcqaL0fav69jrf39Apws=
xGXuWEo4RWB/O4ADLQFHKQjdmvUpWAKxvHb/J1gINjD2WuRzvN1WK1bL/zgraKD259Rn5TkEd79nFJhrwzuuycXCWrPV1muzRHvTN2SnLw==
Sgl/Duz0kdU47NI39heSVnMe0b5aCk5phs34RaZPxmPxMVXN1cd/UFLPyANQjjgwV+R8vPEm0Ouz9mt9vxz+fVG4/lCttW/cPWGnLA==
lCFGAspVUVZ6WPVUnD5GtUs0JnEAZ2pkS/T770IVMvPruPJdJuGIexgzKsW+vUVzhevJPXd+tp2I1TwkoE7DRgx6zXw45bcES0tzVkbjJTpuNnEPJzIZc6c6
LUjR13cLLYoPZGmRn8SD26pGnZPKl7tngn48dnMr20hSiLcwEqsVzsIXf5OzfPHpxsjXiqymJU9jeUh5KCClC0kd8rwpEeYcUDiUkqjdzlaE/pnRCOINTbWkO5dzxMTyX/2y0RESztsZNmfb8ItnT1inEw==
yGptREg9esGsWGWU0GO6NqpGnZPKl7pngn48dnMr20hSiLcwEqsQjdUGfomODr7yktnIlei3LlN0dFRIGSe3LC8P9LwpEeYcUDiUkqjdyl+T+ZnRCOINTbWkO5dzxMfwX/2y0RESztsZNmfb8ItnT1inEw==
YDVBunvRGct2nhFXB/hQU3Me0b5aCk5phs34RaZPxmPxMVXN1cd/UFLPyANQjjgwV+R8vPEm0Oa19m19vxz+fVG4/lCttW/cPWGnLA==
TFlGcwjxLVo8PQkteEwt0H80mtQ+kUwvSGtGfUr05vtSARoXy9zaiXa1QL9Y9+KR7mntFyUPYann6j4ZCFG0sDDaa6KsHmWoaLx5wA2PuwIWNw1eTtJZGzcmEXenPg==
/9+qjXvjqlWrKbVUKR5bIdPSxrPDZnjp7ItjtmL4rJ3HFmIazRhcChFryM+dmNyxb3gNcqDQXmjw3GDCAr/K7aAHEBNptIyohvrxDCFJz7QBc4EMgIIFXSglk5q8v6PmnR/C4wV7QqcJ
UMcIGgyeovW3TJIpSWJ+KqiOtx4MNoOOxn4y3J/6wmSkSIrogopQG1B9+sPCe2tAtug8DnNk842VpBtX00RlM3/80hHxkq6b+TYHm1ALxw94pzM=
UXIzhq9+PTLvBDLQqSZImRoEfcU+7CmW++4EBJ/SLWJKwcgLQKYYGAcsPHShjnBOIX7s9S+0XtUBcL6Y/Z1P9C1ppyQ=
zMobZtIPSbWsaGsSL9iYLlDQ4c1CISzTgnhFtsBNOR5XFjmPw8LkcFeOncbSTUif6BrIXP9AHECpkgCqebIsocfIzlG53N5stUF/0DVlpzA=
1/3qxfq4PtQZ+8wYe/YNZ2G0doAe7cQR7ZgfMbmYkkJ5EE7TyJSUGlFj45wiBskYp5YfSTtMJ5G7+dXQPGiwltcUN0XJhOdf11RJS7M8nqkVAioTRVbbUxQ7Ixd0pz8=
Yu8vn7tCDbVOG0FuFx9qOLLEch78735a3VPIVqyJX0zxBlNCSsiil7MrC1kQQd2m2RT+idYAWvhCymdYdNarvPXYxicIaUSYUPK7euxGtUDI2sw4jPcL6rZfXYaOigkz1w5hT6cG
3/xIzWJ62Z7/j06RPh+DpdJmFysAiC/JPiMmFu2/EHrMpUegwQpLTkrEupuDxxN1cG0FSulYpkUWzAK08ia/9BR6M1BFVF6riOXcFOAeI9aM6m2seJGX9Ew7U6aGs4Wq7qYR3+cCeUOnCg==
Zj3Vc6IB4Gdy/z2Yv+sukfHw1ntAyPfjF0AHo+nYYf5yH3bSHtaq8Bt+hJT/Im1SatHIG2CWWOhnvLzkQf6wcgNu7OUPhJ6l4eA+CJ1tD8QNeac0
eQB1PHV2nMzg4JZEGWX9y3Me0b5aCk5phs34RaZPxmPxMVXN1cd/UFLPyANQjjgwV+R8vPEm0O+x9mN9vxz+fVG4/lCttW/cPWGnLA==
R8dyV5eRyOcqghoUDtTwzEs0JnEAZ2pkS/T770IVMvPruPJdJuGIexgzKsW+vUVzhevJPXd+tp2I1TwkoE7DRgx6zXw44bUEQ0tzVkbjJTpuNnEPJzIZc6c6
YA86Ga3nU5CKHYiTcp94nnMe0b5aCk5phs34RaZPxmPxMVXN1cd/UFLPyANQjjgwV+R8vPEm0Oyx9mN9vxz+fVG4/lCttW/cPWGnLA==
Scos62RhjKnDE5yW0SfxzEo0JnEAZ2pkS/T770IVMvPruPJdJuGIexgzKsW+vUVzhevJPXd+tp2I1TwkoE7DRgx6zXw44rUEQ0tzVkbjJTpuNnEPJzIZc6c6
BLdX/gVlvzgos/KMO4uG/HMe0b5aCk5phs34RaZPxmPxMVXN1cd/UFLPyANQjjgwV+R8vPEm0O2x9mN9vxz+fVG4/lCttW/cPWGnLA==
EzwpVhl6YPRiMAQ0+a2JTH40mtQ+kUwvSGtGfUr05vtSARoXy9zaiXa1QL9Y9+KR7mntFyUPYann6j4ZCFG0sDDaa6KsHmWoaLd9wAOPuwIWNw1eTtJZGzcmEXenPg==
9/XISoJkcIt8IMa2T1dSfHMe0b5aCk5phs34RaZPxmPxMVXN1cd/UFLPyANQjjgwV+R8vPEm0Oqx9mN9vxz+fVG4/lCttW/cPWGnLA==
o/7X4WSqXDhoOPPoEI+t1H80mtQ+kUwvSGtGfUr05vtSARoXy9zaiXa1QL9Y9+KR7mntFyUPYann6j4ZCFG0sDDaa6KsHmWoaLB9wAOPuwIWNw1eTtJZGzcmEXenPg==
4OaesFjDBvwWUNmEeFLB5ARe9KJWPWHFr4Vz7x/5C6ey+kZnpb8BeSeaHgkIQZTA8AoLEixuxXgojJzQA5/bMtZnra7OYrlLd9YxZ6cu
KUZuTSnwjiGgkJ+b8XUp3QRe9KJWPWHFr4Vz7x/5C6ey+kZnpb8BeSeaHggIQZTA8AoLEixuxXgog5/QA5/bMtZnra7OYrlLd9YxZ6cu
9abmOVAapK3QTc/Tm57NqAYQd8UMXcbLJguvGBVokNY3lJeFqYTHHzfU5ojTM77p9YKK0yVW+xP0u4PXFKdf
Li6VGP4eC+46TS1ksyFLcQRe9KJWPWHFr4Vz7x/5C6ey+kZnpb8BeSeaHgYIQZTA8AoLEixuxXgohZnQA5/bMtZnra7OYrlLd9YxZ6cu
sfQqd3K9PsiPdKKrF+6MbwYQd8UMXcbLJguvGB5okNY3lJeFqYTHHzfU5o/TM77p9YKK0yVW+xP0u4PXFKdf
9qZ1lWsMn3JTfy4t2EOAIwRe9KJWPWHFr4Vz7x/5C6ey+kZnpb8BeSeaHg0IQZTA8AoLEixuxXgohpjQA5/bMtZnra7OYrlLd9YxZ6cu
5na1sNOld1CDTIs6NFZk/gDSkbxnAxWg6GbiIBIGOTj3Vqd4vN1WK1bL/zglaKD259Rn5TkEd79nFJZpwzurycTCWrPV1muzRHvTN2SnLw==
3jxY+Ut+m3tBxs7RcN246BzajfV4FAShp3GwdlwINjD2WuRzvN1WK1bL/zglaKD259Rn5TkEd79nFJlpwzurycTCWrPV1muzRHvTN2SnLw==
lnyEKQpGg91vhcODWfTeMUjY98EPcGDVx2lCrNUJOBleG3bPmdX1cU2z79zaREif6BrIXP9AHECpkgCjerIrpMfJzlG53N5stUF/0DVlpzA=
YTj9HyOVVMwuqRprknImBxzajfV4FAShp3GwdlwINjD2WuRzvN1WK1bL/zglaKD259Rn5TkEd79nFJBowzurycTCWrPV1muzRHvTN2SnLw==
78cZtHSMGwmTU6txsOFFQkjY98EPcGDVx2lCrNUJOBleG3bPmdX1cU2z79zaREif6BrIXP9AHECpkgCherIrpMfJzlG53N5stUF/0DVlpzA=
jxKmt1PEP3PQjJgyY8Dfn380mtQ+kUwvSGtGfUr05vtSARoXy9zaiXa1QL9Y9+KR7mntFyUPYann6j4WCFG0sDDaa6KsHmWoaLJ+wAuKuwMWNw1eTtJZGzcmEXenPg==
PIF1qg1j77LE7eLx4k5d63Me0b5aCk5phs34RaZPxmPxMVXN1cd/UFLAyANQjjgwV+R8vPEm0Oay9mt4vx3+fVG4/lCttW/cPWGnLA==
Hdhul0q2motifEvw1m48bks0JnEAZ2pkS/T770IVMvPruPJdJuGIexgzKsW+vUVzhevJPXd+tpKI1TwkoE7DRgx6zXw46LYES05zV0bjJTpuNnEPJzIZc6c6
BGVLu90WF0jlxo83FFQhSXMe0b5aCk5phs34RaZPxmPxMVXN1cd/UFLAyANQjjgwV+R8vPEm0O+19mt4vx3+fVG4/lCttW/cPWGnLA==
8Y9M0gXBePyQlIAxd3HPg0o0JnEAZ2pkS/T770IVMvPruPJdJuGIexgzKsW+vUVzhevJPXd+tpKI1TwkoE7DRgx6zXw44bEES05zV0bjJTpuNnEPJzIZc6c6
h6BhbPv1CJiKd2AUmOkMxXMe0b5aCk5phs34RaZPxmPxMVXN1cd/UFLAyANQjjgwV+R8vPEm0Oy19mt4vx3+fVG4/lCttW/cPWGnLA==
QtZ200Fjg/5oF1tnpsKLoUs0J3EAZ2pkS/T770IVMvPruPJdJuGIexgzKsW+vUVzhevJPXd+tpKI1TwkoE7DRgx6zXw44rEES05zV0bjJTpuNnEPJzIZc6c6
YfLwx9t+bZ/eI1ygXRXPN80P9QDTRqNwoP1qY5K7G6Cm6CxugyQjLQUka7djBL1Sj/rnMaBS3jtJtpf7gEv3L2inIw==
bRwBWiF+chI0hePbLrUuDvbJ7VoIJIndlHQoidOhhC6gSIrogopQG1B9+sPCe2tAtug8DnNk842VpBtX00RjMX/61xHwkq6b+TYHm1ALxw94pzM=
OylWMhfhu25qZNBZx/iCSEp6Imjaj2bJ2xPRpJ5L+0LdDXPi+I2m35GbiO2pRg0tbXgGicDGE688yBI42qpYCzg9EnNK25NwzujEPgvEez39ZPNH22S9Y+d5T0GocqaL0fav69jrf39Apws=
I4YMInj21sy1eiZYauyTNtxD8Q/SQKNtoP1qY5K7G6Co6CxugyQjLQUka7djBLJSj/nnMaBS3jtJtpf7gEv3L2inIw==
XLlc58iDJFOso6jraRytRgDSkbxnAxWg6GbiIBIGOTj3Vqd4vN1WK1bL/zgkaKD259Rn5TkEd79nFJZqwzmrycTCWrPV1muzRHvTN2SnLw==
g7fIwxxiY9yIo+nyesckrEo0JnEAZ2pkS/T770IVMvPruPJdJuGIexgzKsW+vUVzhevJPXd+tpOI1TwkoE7DRgx6zXw457QESU5zV0bjJTpuNnEPJzIZc6c6
NXvVCvA4C0IlM2MmaV6BMEp6JWjaj2bJ2xPRpJ5L+ELcDXPi+I2m35GbiO2pRg0tbXgGicDGE688yBI42qpYCzg9EnNK25NwzujEPgvEez39ZPNH22S+YOd5T0GocqaL0fav69jrf39Apws=
393IYUr2+8R7K7VSvJgskQEowIQiY0vNExywppvcnf4FfVmc5eUhca907ihisq0cLTELVIXrTTz+iuEZia0u6nCnp8ZZp05z2TNmpy0=
8s4jYQjowIumt8yEAs5AgmG0doAe7cQR7ZgfMbmYkkJ5EE7TyJSUGlFj45wiBskYp5YfSTtMJ5G7+dXQPGiwltcUN0XJhOdf11RETrM5m6kUAioTRVbbUxQ7Ixd0pz8=
bMiRPzS6LoTfgHrlWF646kp6J2jaj2bJ2xPRpJ5L+ELYDXPi+I2m35GbiO2pRg0tbXgGicDGE688yBI42qpYCzg9EnNK25NwzujEPgvEez39ZPNH22S4Yud4T0GocqaL0fav69jrf39Apws=
ok/zcAp4jrb6wu74fHOghQjdmvUpWAKxvHb/J1gINjD2WuRzvN1WK1bL/zgqaKD259Rn5TkEd79nFJdqwzirycTCWrPV1muzRHvTN2SnLw==
+XMJkiPbHika75Evuaiz7s0P9QDTRqNwoP1qY5K7G6Co6CxugyQjLQUka7djBLBRj/jnMaBS3jtJtpf7gEv3L2inIw==
qhl4yQ3evcGXnoUQtoymzPbJ7FoIJIndlHQoidOhhC6gSIrogopQG1B9+sPCe2tAuOg8DnNk842VpBtX00RnMH/41xHwkq6b+TYHm1ALxw94pzM=
c33F+vss8pMLDdtoLZ+anEp6JGjaj2bJ2xPRpJ5L+0LcDXPi+I2m35GbiO2pRg0tbXgGicDGE688yBI42qpYCzg9EnNK25NwwOjEPgvEez39ZPNH22S7Z+d4T0GocqaL0fav69jrf39Apws=
le9MLXNJEuhzG66m5MlAOgDSkbxnAxWg6GbiIBIGOTj3Vqd4vN1WK1bL/zgraKD259Rn5TkEd79nFJFqwz+rycTCWrPV1muzRHvTN2SnLw==
B8mj0ESjnOnaA5e4O1O0N0o0JnEAZ2pkS/T770IVMvPruPJdJuGIexgzKsW+vUVzhevJPXd+tpyI1TwkoE7DRgx6zXw44LQET05zV0bjJTpuNnEPJzIZc6c6
xrBKFK11E3VlP1fes4NFnnMe0b5aCk5phs34RaZPxmPxMVXN1cd/UFLAyANQjjgwV+R8vPEm0Omw9m94vx3+fVG4/lCttW/cPWGnLA==
yZ1B4T70e+SpybNV9fcmIko0JnEAZ2pkS/T770IVMvPruPJdJuGIexgzKsW+vUVzhevJPXd+tpKI1TwkoE7DRgx6zXw457QET05zV0bjJTpuNnEPJzIZc6c6
fDk5k0i0xCaEt1Xa4PmOnkp6Imjaj2bJ2xPRpJ5L+0LaDXPi+I2m35GbiO2pRg0tbXgGicDGE688yBI42qpYCzg9EnNK25NwwOjEPgvEez39ZPNH22S0Yed/T0GocqaL0fav69jrf39Apws=
Oug/jXx+sByEuXn0k1uVJUp6IGjaj2bJ2xPRpJ5L+0LbDXPi+I2m35GbiO2pRg0tbXgGicDGE688yBI42qpYCzg9EnNK25NwwOjEPgvEez39ZPNH22S9Z+d/T0GocqaL0fav69jrf39Apws=
JCnTqaF5uWDb4/AZxLVOQAjdmvUpWAKxvHb/J1gINjD2WuRzvN1WK1bL/zgkaKD259Rn5TkEd79nFJZuwz+rycTCWrPV1muzRHvTN2SnLw==
KFS/IItentjBj5HoiqjfamJaplQHyazI/LOQ9EKdtak9W8/kykxIh9gyqKSviNwYWfqgEuo6rjx3YS4paZSetMWpX+glbaco
s7yHfa9F/xcLNm3P8NBsUDdYmPRKRQZmnYXsDLRPwCD6MVXN1cd/UFLAyANQjjgwV+R8vPEm0O609m54vx3+fVG4/lCttW/cPWGnLA==
0Px29t7yTXS7ozVOrljmAqJubylVdjQUddwWTdyvxGNdbO8oaqLF/HXhMxRdm7VcUT9pnQFdRkrIF3+GofeWU/Ejbqcl
tWKbUivME5YD3OCnlWspc80P9QDTRqNwoP1qY5K7G6Cp6CxugyQjLQUka7djBL1Tj/3nMaBS3jtJtpf7gEv3L2inIw==
FZ5xrVSMJj0lJfWW+vCSqAyevosfNjqH1nNe44QNOBleG3bPmdX1cU2z79zaREif6BrIXP9AHECpkgCgeLItpMfJzlG53N5stUF/0DVlpzA=
rudgFpt+U+lwsJjQku+lOi0MsSTSEkgPCRWMfQLjDde4/hbRk9Se90R/Eg1SwcHk48rOTPCIXoAOeuxjZJ3u296rJ+hNaEimvzTvlYHEL69vNOneK7IDOfyiUqONlpMDzNsLZ0ynBw==
5KkdFLcHHtH3otWtWTkkLXMe0b5aCk5phs34RaZPxmPxMVXN1cd/UFLOyANQjjgwV+R8vPEm0Oix9mt5vx3+fVG4/lCttW/cPWGnLA==
Q6yUpMs96tBtU/ymeDSB4Us0JnEAZ2pkS/T770IVMvPruPJdJuGIexgzKsW+vUVzhevJPXd+tpyI1TwkoE7DRgx6zXw45rUES09zV0bjJTpuNnEPJzIZc6c6
SqinzOS1rxgDW+j2fWlrvXMe0b5aCk5phs34RaZPxmPxMVXN1cd/UFLOyANQjjgwV+R8vPEm0Omx9mt5vx3+fVG4/lCttW/cPWGnLA==
QoqmLGfZ7ZBZY2I7q1eZLH80mtQ+kUwvSGtGfUr05vtSARoXy9zaiXa1QL9Y9+KR7mntFyUPYann6j4YCFG0sDDaa6KsHmWoaLN9wAuLuwMWNw1eTtJZGzcmEXenPg==
7+jYsn11PgBJ8hMzqu+Ps9/mHVsP/TetA4BZMLKYHdmM1v8PByMb4PiryZYGTjSp0As/suKM/X2mOVArVEX53VS13m4fXZ6mx0w8lOEu8CTiXuvR79XedUGQvvg9Pc8UbUmnBA==
6EiUmp0xzLNjFysmD5WdSePzo8be2KrXTirJhc3cz0Xz0hh8TCROt4rLzEgWJRBcZ6fd3tS7gsdbhet/YccJs1dnEGOErdmxTarZZg81vk4XBHzcMcZQRnLWa1l/vX6dkdj+sO3V73x9QacM
EWfjmmboyyLKcKTsGCdyTHMe0b5aCk5phs34RaZPxmPxMVXN1cd/UFLOyANQjjgwV+R8vPEm0O+19mt5vx3+fVG4/lCttW/cPWGnLA==
GLekWtqN+eSayw4SUwyKpn80mtQ+kUwvSGtGfUr05vtSARoXy9zaiXa1QL9Y9+KR7mntFyUPYann6j4YCFG0sDDaa6KsHmWoaLV5wAuLuwMWNw1eTtJZGzcmEXenPg==
RbkMAzx8XmdymvzFBo13ptxD8Q/SQKNtoP1qY5K7G6Ch6CxugyQjLQUka7djBLNSj/jmMaBS3jtJtpf7gEv3L2inIw==
rKuTlPCgGUEGp73ki2CSaADSkbxnAxWg6GbiIBIGOTj3Vqd4vN1WK1bL/zgtaKD259Rn5TkEd79nFJdqwziqycTCWrPV1muzRHvTN2SnLw==
I/GswVWxg5ynJ90vAE6Us380mtQ+kUwvSGtGfUr05vtSARoXy9zaiXa1QL9Y9+KR7mntFyUPYann6j4eCFG0sDDaa6KsHmWoaLJ8wAiLuwMWNw1eTtJZGzcmEXenPg==
uhMBvByXTvZ12ufuVcvmbHMe0b5aCk5phs34RaZPxmPxMVXN1cd/UFLIyANQjjgwV+R8vPEm0O6z9mh5vx3+fVG4/lCttW/cPWGnLA==
tYXbeQfaNfqOpM2E20LNLH80mtQ+kUwvSGtGfUr05vtSARoXy9zaiXa1QL9Y9+KR7mntFyUPYann6j4eCFG0sDDaa6KsHmWoaLR/wAiLuwMWNw1eTtJZGzcmEXenPg==
vRou7yhV7BUlnTWWCtQGOXMe0b5aCk5phs34RaZPxmPxMVXN1cd/UFLIyANQjjgwV+R8vPEm0O+z9mh5vx3+fVG4/lCttW/cPWGnLA==
00kU+yrpIbekxYJLAKVMhhzajfV4FAShp3GwdlwINjD2WuRzvN1WK1bL/zgtaKD259Rn5TkEd79nFJBpwziqycTCWrPV1muzRHvTN2SnLw==
GF91n6rkcdLWKYtSaI94PNxD8Q/SQKNtoP1qY5K7G6Cp6CxugyQjLQUka7djBL1Qj//lMaBS3jtJtpf7gEv3L2inIw==
ZEaxy1jrFHyDgI3JverEyADSkbxnAxWg6GbiIBIGOTj3Vqd4vN1WK1bL/zglaKD259Rn5TkEd79nFJlowz+pycTCWrPV1muzRHvTN2SnLw==
kIR3XopDWS1s4wDrmetD0RzajfV4FAShp3GwdlwINjD2WuRzvN1WK1bL/zglaKD259Rn5TkEd79nFJlowz+pycTCWrPV1muzRHvTN2SnLw==
VykX6b6xtwvkPZJ5TrLeNyZ420Oa+oikr+TLeFMh2pbHxAA5f+3SEL3d+FWGPwbTkaHVXTV3P6By0MgTcH54gLd0/CyRlhCdleZvap9tPs0xKH7ATQUvLB1xpzw=
hHWiqywzZ+/yvpJFDuAYLkjY98EPcGDVx2lCrNUJOBleG3bPmdX1cU2z79zaREif6BrIXP9AHECpkgCnebIupsfJzlG53N5stUF/0DVlpzA=
xWmTXguJBZpgQPJxHS42khzajfV4FAShp3GwdlwINjD2WuRzvN1WK1bL/zglaKD259Rn5TkEd79nFJRrwz6pycTCWrPV1muzRHvTN2SnLw==
LFUUMyMDiRsNDyQzW3lZnmC1dtpLrYZFpYcoKr2NsQw8HEGVmdiSEUw2r8doCMYQpppUEyxdJouGi8/YNWiwltcUN0XJhOdf11RGS7M+makUAioTRVbbUxQ7Ixd0pz8=
Lxwq7jmpLqsRHhfcH2t+zCZ420Oa+omkr+TLeFMh2pbHxAA5f+3SEL3d+FWGPwbTkaHVXTV3P6By0MgTcH54gLd0/CyRlhCdk+Zuap9tPs0xKH7ATQUvLB1xpzw=
wZSSUPxe/1hji6jwHSeOONxD8Q/SQKNtoP1qY5K7G6Ci6CxugyQjLQUka7djBLFQj/7lMaBS3jtJtpf7gEv3L2inIw==
DzRrkB2rIcnW4jaES3ezdQDSkbxnAxWg6GbiIBIGOTj3Vqd4vN1WK1bL/zguaKD259Rn5TkEd79nFJVowz6pycTCWrPV1muzRHvTN2SnLw==
teOSrkDOJ9vxquacX3sUKxzajfV4FAShp3GwdlwINjD2WuRzvN1WK1bL/zguaKD259Rn5TkEd79nFJVowz6pycTCWrPV1muzRHvTN2SnLw==
TMik8r6f09ElnAlJP6dhk0jY98EPcGDVx2lCrNUJOBleG3bPmdX1cU2z79zaREif6BrIXP9AHECpkgCgfLIupsfJzlG53N5stUF/0DVlpzA=
uF92cUXtOzD8RWtOq7nxKxzajfV4FAShp3GwdlwINjD2WuRzvN1WK1bL/zglaKD259Rn5TkEd79nFJNuwz6pycTCWrPV1muzRHvTN2SnLw==
pZHEaSgIOj+E0iZ5QmfTwWC1dtpLrYdFpYcoKr2NsQw8HEGVmdiSEUw2r8doCMYQpppUEyxdJouGi8/YNWiwltcUN0XJhOdf11RFTrM+makUAioTRVbbUxQ7Ixd0pz8=
9KOb9xf5HTrJzc7GUCnO1kjY98EPcGDVx2lCrNUJOBleG3bPmdX1cU2z79zaT0if6BrIXP9AHECpkgCqebItpsfJzlG53N5stUF/0DVlpzA=
0O+xYLU4i1WUy2ncY5qrjxzajfV4FAShp3GwdlwINjD2WuRzvN1WK1bL/zguaKD259Rn5TkEd79nFJlrwz2pycTCWrPV1muzRHvTN2SnLw==
r3RNaL2eWxlRLY6tWKRWrkjY98EPcGDVx2lCrNUJOBleG3bPmdX1cU2z79zaREif6BrIXP9AHECpkgCkfLIspsfJzlG53N5stUF/0DVlpzA=
x0qFPPzQWwxee71MEmW4GRzajfV4FAShp3GwdlwINjD2WuRzvN1WK1bL/zglaKD259Rn5TkEd79nFJduwzypycTCWrPV1muzRHvTN2SnLw==
7bekwbxzSU350DYgxmWSdNxD8Q/SQKNtoP1qY5K7G6Ch6CxugyQjLQUka7djBLZSj/LlMaBS3jtJtpf7gEv3L2inIw==
+9THsva+d/zw6NEqzuezHgDSkbxnAxWg6GbiIBIGOTj3Vqd4vN1WK1bL/zgtaKD259Rn5TkEd79nFJJqwzKpycTCWrPV1muzRHvTN2SnLw==
XbnxKvqziyGJ2kaIm8qd2380mtQ+kUwvSGtGfUr05vtSARoXy9zaiXa1QL9Y9+KR7mntFyUPYann6j4eCFG0sDDaa6KsHmWoaLd8wAKIuwMWNw1eTtJZGzcmEXenPg==
O6EwY0rT1WVYmf/mhV2HQdxD8Q/SQKNtoP1qY5K7G6Cn6CxugyQjLQUka7djBL1Rj/LlMaBS3jtJtpf7gEv3L2inIw==
gghp5bPzb5OtZEx2jjpG+gDSkbxnAxWg6GbiIBIGOTj3Vqd4vN1WK1bL/zgraKD259Rn5TkEd79nFJlpwzKpycTCWrPV1muzRHvTN2SnLw==
0Tp4a0Oq5D3jD0YEZhUOhn80mtQ+kUwvSGtGfUr05vtSARoXy9zaiXa1QL9Y9+KR7mntFyUPYann6j4YCFG0sDDaa6KsHmWoaLx/wAKIuwMWNw1eTtJZGzcmEXenPg==
WPtWAUMgqTMHIU3RpzGcyXMe0b5aCk5phs34RaZPxmPxMVXN1cd/UFLOyANQjjgwV+R8vPEm0O+y9mJ6vx3+fVG4/lCttW/cPWGnLA==
ctzUC/TJqij+TcD50Yydtks0JnEAZ2pkS/T770IVMvPruPJdJuGIexgzKsW+vUVzhevJPXd+tpyI1TwkoE7DRgx6zXw44bYEQkxzV0bjJTpuNnEPJzIZc6c6
+zTsof6XemcFqsuOsIHIdnMe0b5aCk5phs34RaZPxmPxMVXN1cd/UFLOyANQjjgwV+R8vPEm0Oyy9mJ6vx3+fVG4/lCttW/cPWGnLA==
Etofv2srbok0yS3wRdbTnn80mtQ+kUwvSGtGfUr05vtSARoXy9zaiXa1QL9Y9+KR7mntFyUPYann6j4YCFG0sDDaa6KsHmWoaLZ+wAKIuwMWNw1eTtJZGzcmEXenPg==
fZC2xRe9XB1XS0aQDTCUuXMe0b5aCk5phs34RaZPxmPxMVXN1cd/UFLOyANQjjgwV+R8vPEm0O2y9mJ6vx3+fVG4/lCttW/cPWGnLA==
zhk7HRBvJbnklTLSPsI1BX40mtQ+kUwvSGtGfUr05vtSARoXy9zaiXa1QL9Y9+KR7mntFyUPYann6j4YCFG0sDDaa6KsHmWoaLd+wAKIuwMWNw1eTtJZGzcmEXenPg==
fZC2xRe9XB1XS0aQDTCUuXMe0b5aCk5phs34RaZPxmPxMVXN1cd/UFLOyANQjjgwV+R8vPEm0O2y9mJ6vx3+fVG4/lCttW/cPWGnLA==
GOlZ2ynypytTaGgdWpt2nn80mtQ+kUwvSGtGfUr05vtSARoXy9zaiXa1QL9Y9+KR7mntFyUPYann6j4YCFG0sDDaa6KsHmWoaLd+wAKIuwMWNw1eTtJZGzcmEXenPg==
m4JM/J4PZReaI/lAEwbI0eVamc91CioDny48KShNO91MMVer4nFRFjkQWAoVYzTfseD4kYugIQL8GJqotJQ8cu5nbo3Ev/yD1TwJKAJyTZxN8StUpSvtvFtLwRJrbU5qkOfHxrnn7vN5c0anDQ==
2+G5p3duP0ax/jbvq6Ica3Me0b5aCk5phs34RaZPxmPxMVXN1cd/UFLIyANQjjgwV+R8vPEm0O+z9mt7vx3+fVG4/lCttW/cPWGnLA==
c02Ffv98vWnw/cOWGw4+En80mtQ+kUwvSGtGfUr05vtSARoXy9zaiXa1QL9Y9+KR7mntFyUPYann6j4eCFG0sDDaa6KsHmWoaLV/wAuJuwMWNw1eTtJZGzcmEXenPg==
7HwQhsQjuQDEfNvv1qOrT3Me0b5aCk5phs34RaZPxmPxMVXN1cd/UFLOyANQjjgwV+R8vPEm0Ouz9mp7vx3+fVG4/lCttW/cPWGnLA==
TnwbbX6QfJwdruWsFvAn6PbJ61oIJIndlHQoidOhhC6gSIrogopQG1B9+sPCe2tAt+g8DnNk842VpBtX00RtNn/61BHwkq6b+TYHm1ALxw94pzM=
Crk6vE/81SO1iGzHR9s0ik/wy0RmXoP+8GdTH9oWSfeYu7p93mX1O0UjueVXBqaUiN0sXICWs47MMn2kWF8ljMnF4++mu5XyLn6BVwfKCXunMg==
U53APwP+7K930oQsaWLzw0jY98EPcGDVx2lCrNUJOBleG3bPmdX1cU2z79zaSkif6BrIXP9AHECpkgCrebIpp8fJzlG53N5stUF/0DVlpzA=
0HQX1F7+Ty6GNJfnmbJTD1Jx9r6GWrpo0BzAQuJ/qu1AR7CTyfRtqOY6UYyBia+04TPhjCbGJVlOZXIaHH+D5r3fomPlO2KnKQ==
kSK/F/AWlp/dBuhKA4ubpARe9KJWPWHFr4Vz7x/5C6ey+kZnpb8BeSeaHggIQZTA8AoLEixuxXgogpzQCZnbM9Znra7OYrlLd9YxZ6cu
Bx0bIIvE37z+/UpbNApJWnwZk6x9sTsrXz1DE2KOrsMFG2mNty6WgojFHHRg/mO2jMotDPg21BRIXZMHBhNFiu5G0b9n4jljpyo=
hWcPf41vdvoxY/+Gk3QjpgYQd8UMXcbLJguvGBxokNY3lJeFqYTHHzfU6Y/TPrjp9IKK0yVW+xP0u4PXFKdf
SGzuxkFGKNQVMIGWV9e2yc0P9QDTRqNwoP1qY5K7G6Cg6CxugyQjLQUka7djBLVWj/7kMaBS3jtJtpf7gEv3L2inIw==
O5oeT3BqQk1k1L++t7pR2BzajfV4FAShp3GwdlwINjD2WuRzvN1WK1bL/zgsaKD259Rn5TkEd79nFJBrwz2oycTCWrPV1muzRHvTN2SnLw==
elFuOgaveEXfTvEAu0Xn0IrxLhY3hYy+K1FTiLj1fj6t0wIoLETkUuZ3hs2sD3QjrQz2KHpCtTzFQcOUzTvlnAUfWZ3yPZaKmPfvBhGXZhPBA36nNQ==
WFVYoKNk5WIC7NSmRO+Wfryqs92fQrH93bEjAr5KVlBPwKuUpi4jbnD3s6+axmmHmEuaLR7VlavFsxkVF1ZGo4jtzAzAZhMeTKIdFJgJBnzNtcM/5gt1Yq7uISfHGmlLpwI=
BHOgjF1JzJ/dKMu2JRQi1UjY98EPcGDVx2lCrNUJOBleG3bPmdX1cU2z79zaTUif6BrIXP9AHECpkgCmfbItp8fJzlG53N5stUF/0DVlpzA=
zSErgvK3Xl2YPmWFo2tVI1Jx9r6GWrpo0BzAQuJ/qu1AR7CTyfRqqOY6UYyBia+04TPhjCDDJV1OZXIaHH+D5r3fomPlO2KnKQ==
E6T+pntFWEdYzVsRVQm3xQDSkbxnAxWg6GbiIBIGOTj3Vqd4vN1WK1bL/zgsaKD259Rn5TkEd79nFJBuwz2oycTCWrPV1muzRHvTN2SnLw==
P7EGJD1AJanbRV6qfznF/xzajfV4FAShp3GwdlwINjD2WuRzvN1WK1bL/zgsaKD259Rn5TkEd79nFJBuwz2oycTCWrPV1muzRHvTN2SnLw==
YjY3IdxJVLlt/SuMyJt5rdxD8Q/SQKNtuvtqf4q6G6Co8ipunzwiLQUka7djBLNRj/PkMaBS3jtJtpf7gEv3L2inIw==
DCbRYbLS6m3zHd66rpMhmwDSkbxnAxWg6GbiIBIGOTj3Vqd4pttWN07K/zgkcqb2+8xm5TkEd79nFJdpwzOoycTCWrPV1muzRHvTN2SnLw==
OTSkhVnegPS/pgHIMlkMUn40mtQ+kUwvSGtGfUr05vtSARoXy9zaiXa1QL9Y9+KR7mntDSMPfbHm6j4XEle0rCjba6KsHmWoaLJ/wAOJuwMWNw1eTtJZGzcmEXenPg==
0i5XBCOwIDBN/XSFFOzKzkjY98EPcGDVx2lCrNUJOBleG3bPmdX1cU2z79zaTUif6BrIXP9AHECpkgCgerIip8fJzlG53N5stUF/0DVlpzA=
Fu4VC62ooBBNb9bi7ZygSgyev4sfNjqH1nNe44QNOBleG3bPmdX1cU2z79zaTUif6BrIXP9AHECpkgCmfbIip8fJzlG53N5stUF/0DVlpzA=
nbHbUePYujIBKWmdyx8MzC0PsSTSEkgPCRWMfQLjDde4/hbRk9Se90R/Eg1SwcHk48rOTPCIXoAOeuxjZJ3u296rJ+hEaEimvzTvlYHEL69vNOHeK7IAOfyiUqONlpMDzNsLZ0ynBw==
dkiwUa/rYZoUgeQI0zPx9c2xuyTj7VMi2rd3YHxTBBnAIz0de3I7u3F/gsuxv0ezM1WK/z5UTJCkzNhnRFpcK05EBkc/Vm2wfKL6b3We01PZidWl6d7Nj3zo3TgtHfYhd5T8TNE2kH1Rxm1MX42+bXFIfiCNpa9MXVGnHA==
pykHVz+5/4dBeotONs3fyFERc8gl73rb7OgTBIOgaT0OkclOUb8eDAcsPHShjnBFIX7t9C+1XtUBcL6Y/Z1P9C1ppyQ=
VbAWPPP5dQgr2RI0m6U5kNxD8Q/SQKNtoP1qY5K7G6Ch6CxugyQjLQUka7djBLZSj/LiMaJS3jtJtpf7gEv3L2inIw==
w6l/fa8TKAKV4fwLcSBETgDSkbxnAxWg6GbiIBIGOTj3Vqd4vN1WK1bL/zgtaKD259Rn5TkEd79nFJJqwzKuycbCWrPV1muzRHvTN2SnLw==
kWE0DOkWQJTkwUecKisEuxzajfV4FAShp3GwdlwINjD2WuRzvN1WK1bL/zgtaKD259Rn5TkEd79nFJJqwzKuycbCWrPV1muzRHvTN2SnLw==
FbHO26I3Y3LEdh5/CRP7CPctPS4bZ3pDJ5oQXceIiwtNZ6U/e6PfwQf7ORZfmadPUDVkmwtWR1jGV2SZ6/mIW/Ej9a8l
ne0SmCI2M4I/klb6GM1GVjafnKIMG/H1zg0kDmmAjeFuiWZuK4LkPROwx9sxjzG/78sjkcvDbfYrgat/TF2Q27/+26hKz9A5P4FEC80L4a8x
EsUE07F01EpNUL4YdP/uQiZ520KauNn8/erqN0E23p6Vgl0lc7mEVqiZ+VKPMkHC3KfFRhI4V7B5mt8CcWRF8q1+/i6ThAOdm+trYpRsLMNxM2GKQxsnLB3qrzw=
XKA+B89+Ea7daIA0bFdS0gNb46QZaifRtohk71ngC6zpqABhtaQmNk+KFUwfUJXazXgRGC5sx2o8h5fdC5DQMsRp7bXRKLdVf9Yx/K8u
fwHOYKpiRHM2hMy97XzKryd520KauNn8/erqN0E23p6Vgl0lc7mEVqiZ+VKPMkHC3KfFRhI4V7B5mt8CcWRF8q1+/i6ThASdm+trYpRsLMNxM2GKQxsnLB3qrzw=
8TIRvijYYGzjDflj2TcAWgNb46QZaifRtohk71ngC6zpqABhtaQmNk+KFUwfUJXazXgRGC5sx2o9h5fdC5DQMsRp7bXRKLdVf9Yx/K8u
dneCu3LrZGU2MXE21TCFOiZ52kKauNn8/erqN0E23p6Vgl0lc7mEVqiZ+VKPMkHC3KfFRhI4V7B5mt8CcWRF8q1+/i6ThAWdm+trYpRsLMNxM2GKQxsnLB3qrzw=
+KfHXiUHkqfPHDIpuhglFoPKJzMlI3Z/0m83SDzJkhSLsl8SSQH1WHQb37BVDjiyq4eJEERpeh4FKgEXT+X0Vtl4KObVbTzX+9vK5bXkqKR9pJo1Oir7ej3WvgaDjCTVy03rysQkDMthGyEi05OHZE3CrxQ=
xjnSkYQ0cJXGGTMpYxsRU+NEncJnCC8ZnC85cHsEeJYvIEuipiULUW9zWBYSJnaU5K7ojYPpcE7JUYP+r5cmaOIdPNLUr+e0mWNbegxoUb8/6yFWpyn/rlhFyxpjZk94nqfc2fPp8Pt5c92vDQ==
nZbgT9jtGnAaIMThyvhK6uTzo8be2KrXT3Gch97Q1VTlhlkseGEMsIDtmUgwJU8HdriZ19uglcp84Kh+ZfVcj0sDCj2FvMy1WruaLQoymyINDn7eM9RJTXvcalJ0vGyT0cPh+uPL53x92q8M
Lcf+1k6rXF5s8cUDZMZmOfctPS4bZ3pDJ5oQXceIiwtPZ6U/e6PfwQf7ORZfmadPUDVnmgtWR1jGV2SZ6/mIW/Ej9a8l
0kSnRo2954RCqHjj03phwTafnKIMG/H1zg0kDmmAjeFuiWZuK4LkPROwx9szjzG/78sjkcvDbfYrgat/TF2T2r/+26hKz9A5P4FEC80L4a8x
CeQfOP27oq8zaCAQmY48Ryd520KauNn8/erqN0E23p6Vgl0lc7mEVqiZ+VKPMkHC3KfFRhI4V7J5mt8CcWRF8q1+/i6ThAOdm+hqYpRsLMNxM2GKQxsnLB3qrzw=
JZWzESBSI+tw+KM3t39xnONEncJnCC8ZnC85cHsEeJYvIE2ipiULUW9zWBYSJneU5K7ojYPpcE7JUYX+r5cmaOIdPNLUr+ewkHRcegxoUb8/6yFWpyn/qF9FzxpjZk94nqfc2fPp8Pt5c92vDQ==
DyEag/LSCG/K+IT/86uQXANb46QZaifRtohk71ngC6zpqABhtaQmNk+IFUwfUJXazXgRGC5sx2o7gZfeCpDQMsRp7bXRKLdVf9Yx/K8u
cA41QskMffLPDbT6x3CTyCZ520KauNn8/erqN0E23p6Vgl0lc7mEVqiZ+VKPMkHC3KfFRhI4V7J5mt8CcWRF8q1+/i6ThAObm+hqYpRsLMNxM2GKQxsnLB3qrzw=
lzKailcLtiaWOxR9vWLi6ANb46QZaifRtohk71ngC6zpqABhtaQmNk+IFUwfUJXazXgRGC5sx2o9gZfeCpDQMsRp7bXRKLdVf9Yx/K8u
44k7FIzaSVZMTDYdmUU8Wyd520KauNn8/erqN0E23p6Vgl0lc7mEVqiZ+VKPMkHC3KfFRhI4V7J5mt8CcWRF8q1+/i6ThAWbm+hqYpRsLMNxM2GKQxsnLB3qrzw=
rOYjAtb1F2euMDIPmWSY1y0QrzrTEkUMChuPagLtT4rvvVLGgZye9lByVxUbkYvtpoqFQrSJWYkDPf0uYo31/JHDNeMHf1mnpQmdj4vGLa19IOnRJLoJMv2wXOOWidkN0tMLZ9evBw==
sSiaBF/Um2a4e4swJQ2yK0pkJH2bwH6ZnVKJ9N5L+0LeDXPi+42m3o2cku6kQkN9J3FXxdLaUbp4yRUx1+1JRj4tCVQFs4F7i//VPxH5CSf3ZvFFyXS8aeh6RUqpYKjLyunl5cbjf3/brws=
57LxnoIWsJ+BS1hv5DczC9amLx0qg5aofR4egem5bCLvxkYpK03pFfc6gN23KDtLvwe1P2tDrwG3W8mWzzn3jAIVVpr7NpeYlrf0GVuZeBvBA+WvNQ==
KBtrBFvOC0phUWXZB9zvBwNb46QZaifRtohk71ngC6zpqABhtaQmNk+IFUwfUJXazXgRGC5sx2o7hpffCpDQMsRp7bXRKLdVf9Yx/K8u
GUqmraYT7gIaBBz23XLAiid52kKauNn8/erqN0E23p6Vgl0lc7mEVqiZ+VKPMkHC3KfFRhI4V7J5mt8CcWRF8q1+/i6ThAOcm+lqYpRsLMNxM2GKQxsnLB3qrzw=
73hfWlL5EzjV+rAsYg8vH0pkJH2bwH6ZnVKJ9N5L+0LaDXPi+42m3o2cku6kQkN9J3FXxdLaUbp4yRUx1+1JRj4tCVQFs4F7i//VPxH5CSf3ZvFFyXe+aeh6RUqpYKjLyunl5cbjf3/brws=
8+kxnw8V+im8LJhdB1MiVNamLx0qg5aofR4egem5bCLvxkYpK03pFfc6gN23KDtLvwe1P2tDrwG3W8mWzzn3iQAVVpr7NpeYlrf0GVuZeBvBA+WvNQ==
ipJrNtfIs1KAMIIbumG6ZQNb46QZaifRtohk71ngC6zpqABhtaQmNk+IFUwfUJXazXgRGC5sx2o6gJffCpDQMsRp7bXRKLdVf9Yx/K8u
Pm2VbZrCWwSb3mkhVQPFxiZ520KauNn8/erqN0E23p6Vgl0lc7mEVqiZ+VKPMkHC3KfFRhI4V7J5mt8CcWRF8q1+/i6ThAKam+lqYpRsLMNxM2GKQxsnLB3qrzw=
TyBPPsA1/8cxM2mt905r3wNb46QZaifRtohk71ngC6zpqABhtaQmNk+IFUwfUJXazXgRGC5sx2o6gZffCpDQMsRp7bXRKLdVf9Yx/K8u
Nxut5G7R8xXnCgsz1p6zqSZ520KauNn8/erqN0E23p6Vgl0lc7mEVqiZ+VKPMkHC3KfFRhI4V7J5mt8CcWRF8q1+/i6ThAKbm+lqYpRsLMNxM2GKQxsnLB3qrzw=
KjmAOqDC87w2Y9nZmNCDHUpkJH2bwH6ZnVKJ9N5L+0LbDXPi+42m3o2cku6kQkN9J3FXxdLaUbp4yRUx1+1JRj4tCVQFs4F7i//VPxH5CSf3ZvFFyXO4aeh6RUqpYKjLyunl5cbjf3/brws=
LBh5CphrGoS/B+j0DFzuyNamLx0qg5aofR4egem5bCLvxkYpK03pFfc6gN23KDtLvwe1P2tDrwG3W8mWzzn3hAYVVpr7NpeYlrf0GVuZeBvBA+WvNQ==
oFh5IeBH011HG60jGVcQdQNb46QZaifRtohk71ngC6zpqABhtaQmNk+IFUwfUJXazXgRGC5sx2oxhJfbCZDQMsRp7bXRKLdVf9Yx/K8u
Ft7sl3G2j31U8Q1X4+s2MyZ520KauNn8/erqN0E23p6Vgl0lc7mEVqiZ+VKPMkHC3KfFRhI4V7J5mt8CcWRF8q1+/i6ThAmem+1pYpRsLMNxM2GKQxsnLB3qrzw=
WslmD0rSs+UHKxVmKk/drgNb46QZaifRtohk71ngC6zpqABhtaQmNk+IFUwfUJXazXgRGC5sx2o6hZfbCZDQMsRp7bXRKLdVf9Yx/K8u
3JZ2QZHLkpV517Cnu2qxXyd520KauNn8/erqN0E23p6Vgl0lc7mEVqiZ+VKPMkHC3KfFRhI4V7J5mt8CcWRF8q1+/i6ThAKfm+1pYpRsLMNxM2GKQxsnLB3qrzw=
hYCied6WSKuM73yT1Qbn9ANb46QZaifRtohk71ngC6zpqABhtaQmNk+IFUwfUJXazXgRGC5sx2o7hZfbCZDQMsRp7bXRKLdVf9Yx/K8u
HrRTl6sXUFm3cPt3frLykiZ52kKauNn8/erqN0E23p6Vgl0lc7mEVqiZ+VKPMkHC3KfFRhI4V7J5mt8CcWRF8q1+/i6ThAOfm+1pYpRsLMNxM2GKQxsnLB3qrzw=
MFOw9NCSIIusVc8Bm7Z+XgNb46QZaifRtohk71ngC6zpqABhtaQmNk+IFUwfUJXazXgRGC5sx2o8hZfbCZDQMsRp7bXRKLdVf9Yx/K8u
LxSfUv6cEUCqtFIncMxKNSd52kKauNn8/erqN0E23p6Vgl0lc7mEVqiZ+VKPMkHC3KfFRhI4V7J5mt8CcWRF8q1+/i6ThASfm+1pYpRsLMNxM2GKQxsnLB3qrzw=
NY0vyUgScqXtuimznlGqtgNb46QZaifRtohk71ngC6zpqABhtaQmNk+IFUwfUJXazXgRGC5sx2o9hZfbCZDQMsRp7bXRKLdVf9Yx/K8u
4Vu0dpoZxF2AT/MK22jsmiZ52kKauNn8/erqN0E23p6Vgl0lc7mEVqiZ+VKPMkHC3KfFRhI4V7J5mt8CcWRF8q1+/i6ThAWfm+1pYpRsLMNxM2GKQxsnLB3qrzw=
4oPRf+BI3rD3yKAIlcqzmwNb46QZaifRtohk71ngC6zpqABhtaQmNk+IFUwfUJXazXgRGC5sx2oxhZfbCZDQMsRp7bXRKLdVf9Yx/K8u
E68k6k+hWjBrBXkLSWrUPiZ52kKauNn8/erqN0E23p6Vgl0lc7mEVqiZ+VKPMkHC3KfFRhI4V7J5mt8CcWRF8q1+/i6ThAmfm+1pYpRsLMNxM2GKQxsnLB3qrzw=
cU3QYqvGiFqoiws5E4QquEpkJH2bwH6ZnVKJ9N5L+ELWDXPi+42m3o2cku6kQkN9J3FXxdLaUbp4yRUx1+1JRj4tCVQFs4F7i//VPxH5CSf3ZvFFyXO/aex5RUqpYKjLyunl5cbjf3/brws=
JyeuvphGc0hsp8wH7czI4tamLx0qg5aofR4egem5bCLvxkYpK03pFfc6gN23KDtLvwe1P2tDrwG3W8mWzzn3hQEVUpn7NpeYlrf0GVuZeBvBA+WvNQ==
3XERZd0G2+Y2bmT8IjzC2PctPS4bZ3pDJ5oQXceIiwtNZ6U/e6PfwQf7ORZfmadFVzVimQtWR1jGV2SZ6/mIW/Ej9a8l
DMZG1WPxguWU1LpYd9XP5DafnKIMG/H1zg0kDmmAjeFuiWZuK4LkPROwx9sxjzG/78sjkcvDbfYrgat1S12W2b/+26hKz9A5P4FEC80L4a8x
AJm0jLwdzg7mnzFABSS9GiZ520KauNn8/erqN0E23p6Vgl0lc7mEVqiZ+VKPMkHC3KfFRhI4V7B5mt8CcWRF8q1+/i6ThAmam+1pYpRsLMNxM2GKQxsnLB3qrzw=
wov6sk5cw2UoJKEAKgIoQS+Eq/YuNL3SRQVkqRS99gSMyLGIrvwnGvvUt+gJoPDihJmNJVG4F+W/htGMr14=
xDBGHmkByKryZx7ckF3AVTS8s1C0uiPZx/UYXr4keQdH5iFl2bctyR95dao5oLirGmmVBfajj9+Lr1s=
sYdQjknZR1rjQgioPY+dwy+Eq/YuNL3SRQVkqRS99gSMyLGIrvwnGvnWt+gJoPDihJmNJVG4F+W/htGMr14=
EBjXhxluCu8MpHeFvQh++DS8s1C0uiPZx/UYXr4keQdH5iFl2bUvyR95dao5oLirGmmVBfajj9+Lr1s=
qfTJV0LZXJnvDi/2523gCC+Eq/YuNL3SRQVkqRS99gSMyLGIrvwnGvHXt+gJoPDihJmNJVG4F+W/htGMr14=
2Ar7dlJEtH4oYPBiugVEXjS8s1C0uiPZx/UYXr4keQdH5iFl2b0uyR95dao5oLirGmmVBfajj9+Lr1s=
peZZfS20kDZHTd1GFJCntQNb46QZaifRtohk71ngC6zpqABhtaQmNk+KFUwfUJXazXgRGC5sx2o/gZfYCZDQMsRp7bXRKLdVf9Yx/K8u
JAlNbwQElbpSXT7xVtB9JiZ520KauNn8/erqN0E23p6Vgl0lc7mEVqiZ+VKPMkHC3KfFRhI4V7B5mt8CcWRF8q1+/i6ThAebm+5pYpRsLMNxM2GKQxsnLB3qrzw=
/yhEls0GTc2q8W7iHJBK3i0QrzrTEkUMChuMagLtT4rvvVLGgZye9lByVxUbkYvtpoqFQrSJWYkDPf0uYo31/JHDN+MHf1mnpQmdj4vGLa19IOnRIrkJMv2wXOOWidkN0tMLZ9evBw==
M3qAqiYlZVBhT1uHAnyfq0pkJH2bwH6ZnVKJ9N5L+ELeDXPi+42m3o2cku6kQkN9J3FXxdLaUbp4yRUx1+1JRj4tCVQFs4N7i//VPxH5CSf3ZvFFyXS8ae55RUqpYKjLyunl5cbjf3/brws=
8nN88q9YUDymHjCTEp+TE9amLx0qg5aofR4egem5bCLvxkYpK03pFfc6gN23KDtLvQe1P2tDrwG3W8mWzzn3jgIVUJn7NpeYlrf0GVuZeBvBA+WvNQ==
VMpxdWP6ewZFW8Tr4y4qQQNb46QZaifRtohk71ngC6zpqABhtaQmNk+KFUwfUJXazXgRGC5sx2oxhZfZCZDQMsRp7bXRKLdVf9Yx/K8u
vSqGWLDk9ByrcAMgIZvAtyZ52kKauNn8/erqN0E23p6Vgl0lc7mEVqiZ+VKPMkHC3KfFRhI4V7B5mt8CcWRF8q1+/i6ThAmfm+9pYpRsLMNxM2GKQxsnLB3qrzw=
3BG67Cv4Lgexq664xAiwk0pkJH2bwH6ZnVKJ9N5L+0LZDXPi+42m3o2cku6kQkN9J3FXxdLaUbp4yRUx1+1JRj4tCVQFs4N7i//VPxH5CSf3ZvFFyXK/ae55RUqpYKjLyunl5cbjf3/brws=
d0JwjzjJMSjWuF9GnNxrmdamLx0qg5aofR4egem5bCLvxkYpK03pFfc6gN23KDtLvQe1P2tDrwG3W8mWzzn3iwEVUJn7NpeYlrf0GVuZeBvBA+WvNQ==
xBNq9iZhNmiQtoZrD79jHANb46QZaifRtohk71ngC6zpqABhtaQmNk+KFUwfUJXazXgRGC5sx2o7h5fZCZDQMsRp7bXRKLdVf9Yx/K8u
t8e2QcwAB3O/tIFNd82jkid520KauNn8/erqN0E23p6Vgl0lc7mEVqiZ+VKPMkHC3KfFRhI4V7B5mt8CcWRF8q1+/i6ThAOdm+9pYpRsLMNxM2GKQxsnLB3qrzw=
1BRlrIIpymhLX9Xe9M5QsUpkJH2bwH6ZnVKJ9N5L+0LdDXPi+42m3o2cku6kQkN9J3FXxdLaUbp4yRUx1+1JRj4tCVQFs4N7i//VPxH5CSf3ZvFFyXy+ae55RUqpYKjLyunl5cbjf3/brws=
A8NCW5MrWNR2NUJ60sdrzdamLx0qg5aofR4egem5bCLvxkYpK03pFfc6gN23KDtLvQe1P2tDrwG3W8mWzzn3hQAVUJn7NpeYlrf0GVuZeBvBA+WvNQ==
9zV6vrmrCOLSor3FPPw7S/ctPS4bZ3pDJ5oQXceIiwtMZ6U/e6PfwQf7ORZfmadLVzVgmQtWR1jGV2SZ6/mIW/Ej9a8l
gX/HAe3tiVh5nzmjgMdrdjafnKIMG/H1zg0kDmmAjeFuiWZuK4LkPROwx9swjzG/78sjkcvDbfYrgat7S12U2b/+26hKz9A5P4FEC80L4a8x
dRNsxTbScdlfZtjRegdIBSd520KauNn8/erqN0E23p6Vgl0lc7mEVqiZ+VKPMkHC3KfFRhI4V7F5mt8CcWRF8q1+/i6ThAeam+9pYpRsLMNxM2GKQxsnLB3qrzw=
g1s3LAHhMi3AX2EUtYo98y0QrzrTEkUMChuMagHtT4rvvVLGgZye9lByVxUbkYvtpoqFQrSJWYkDPf0uYo31/JHDNuMHf1mnpQmdj4vGLa19JuzRIrkJMv2wXOOWidkN0tMLZ9evBw==
nbMRgi1RNq318FO3oMWfHkpkJH2bwH6ZnVKJ9N5L+ELdDXPi+42m3o2cku6kQkN9J3FXxdLaUbp4yRUx1+1JRj4tCVQFs4J7i//VPxH5CSf3ZvFFyXS9ael5RUqpYKjLyunl5cbjf3/brws=
gUd3or6Bmp+Bo/GhbdWaTdamLx0qg5aofR4egem5bCLvxkYpK03pFfc6gN23KDtLvAe1P2tDrwG3W8mWzzn3jAMVV5n7NpeYlrf0GVuZeBvBA+WvNQ==
e8Fb6yoO6oYJGXL3Eg+RLgNb46QZaifRtohk71ngC6zpqABhtaQmNk+LFUwfUJXazXgRGC5sx2owhJfeCZDQMsRp7bXRKLdVf9Yx/K8u
WBlpLOYJlRzOQSNdRD6ZSyZ520KauNn8/erqN0E23p6Vgl0lc7mEVqiZ+VKPMkHC3KfFRhI4V7F5mt8CcWRF8q1+/i6ThAiem+hpYpRsLMNxM2GKQxsnLB3qrzw=
xmpPEmaD2Kj/mkXhyE/Ky0pkJH2bwH6ZnVKJ9N5L+0LYDXPi+42m3o2cku6kQkN9J3FXxdLaUbp4yRUx1+1JRj4tCVQFs4J7i//VPxH5CSf3ZvFFyXO8ael5RUqpYKjLyunl5cbjf3/brws=
twPNK7baFSEOhKSbGVUCWdamLx0qg5aofR4egem5bCLvxkYpK03pFfc6gN23KDtLvAe1P2tDrwG3W8mWzzn3hQIVV5n7NpeYlrf0GVuZeBvBA+WvNQ==
g0H53OqlzgDC9p/dAO9k4gNb46QZaifRtohk71ngC6zpqABhtaQmNk+LFUwfUJXazXgRGC5sx2o4hpfeCZDQMsRp7bXRKLdVf9Yx/K8u
fzKQUbCYLGIq4ArEs/NnDCZ52kKauNn8/erqN0E23p6Vgl0lc7mEVqiZ+VKPMkHC3KfFRhI4V7F5mt8CcWRF8q1+/i6ThACcm+hpYpRsLMNxM2GKQxsnLB3qrzw=
AGbPezrIzmw39fWvHNaZWkpkJH2bwH6ZnVKJ9N5L+0LcDXPi+42m3o2cku6kQkN9J3FXxdLaUbp4yRUx1+1JRj4tCVQFs4J7i//VPxH5CSf3ZvFFyXS+ael5RUqpYKjLyunl5cbjf3/brws=
D1PZvwGrtCmi1+FZtYHtCtamLx0qg5aofR4egem5bCLvxkYpK03pFfc6gN23KDtLvAe1P2tDrwG3W8mWzzn3jgAVV5n7NpeYlrf0GVuZeBvBA+WvNQ==
uj50WkTrKDIYTx15NzLhM/ctPS4bZ3pDJ5oQXceIiwtOZ6U/e6PfwQf7ORZfmadJVzVnmQtWR1jGV2SZ6/mIW/Ej9a8l
Bp/ZhGuVSKGk6Flv0s40mDafnKIMG/H1zg0kDmmAjeFuiWZuK4LkPROwx9syjzG/78sjkcvDbfYrgat5S12T2b/+26hKz9A5P4FEC80L4a8x
g7m1uRdRNt1FIoA2q9lQySd520KauNn8/erqN0E23p6Vgl0lc7mEVqiZ+VKPMkHC3KfFRhI4V7N5mt8CcWRF8q1+/i6ThAWam+hpYpRsLMNxM2GKQxsnLB3qrzw=
w8U3E6u14X7zsCPaTj6x3wNb46QZaifRtohk71ngC6zpqABhtaQmNk+JFUwfUJXazXgRGC5sx2o9gJfeCZDQMsRp7bXRKLdVf9Yx/K8u
YA2qfIHgQamWrSznuY69EiZ52kKauNn8/erqN0E23p6Vgl0lc7mEVqiZ+VKPMkHC3KfFRhI4V7N5mt8CcWRF8q1+/i6ThAWam+hpYpRsLMNxM2GKQxsnLB3qrzw=
tIGshcE7bQt9jRpuefPA9y0QrzrTEkUMChuMagDtT4rvvVLGgZye9lByVxUbkYvtpoqFQrSJWYkDPf0uYo31/JHDNOMHf1mnpQmdj4vGLa19J+zRJbkJMv2wXOOWidkN0tMLZ9evBw==
k0xCB5+O78rmUxbNBXO0nEpkJH2bwH6ZnVKJ9N5L+ELcDXPi+42m3o2cku6kQkN9J3FXxdLaUbp4yRUx1+1JRj4tCVQFs4B7i//VPxH5CSf3ZvFFyX24ael5RUqpYKjLyunl5cbjf3/brws=
Eh1LlvW7ilk9lVM432c15QNb46QZaifRtohk71ngC6zpqABhtaQmNk+JFUwfUJXazXgRGC5sx2o+hJffCZDQMsRp7bXRKLdVf9Yx/K8u
FGXPp3A8ATzpuTSz0FKn6SZ520KauNn8/erqN0E23p6Vgl0lc7mEVqiZ+VKPMkHC3KfFRhI4V7N5mt8CcWRF8q1+/i6ThAaem+lpYpRsLMNxM2GKQxsnLB3qrzw=
/6ICqNAHYLQrtrstV2lh2EpkJH2bwH6ZnVKJ9N5L+ELbDXPi+42m3o2cku6kQkN9J3FXxdLaUbp4yRUx1+1JRj4tCVQFs4B7i//VPxH5CSf3ZvFFyXW8aeh5RUqpYKjLyunl5cbjf3/brws=
R2FheKcObKsR/V/dMQ3/l9amLx0qg5aofR4egem5bCLvxkYpK03pFfc6gN23KDtLvge1P2tDrwG3W8mWzzn3jgIVVpn7NpeYlrf0GVuZeBvBA+WvNQ==
MfRpUr9bSc4iyF/l0vTHegNb46QZaifRtohk71ngC6zpqABhtaQmNk+JFUwfUJXazXgRGC5sx2o6hZffCZDQMsRp7bXRKLdVf9Yx/K8u
KVi4f5gK7Af30PIiwdBO8id520KauNn8/erqN0E23p6Vgl0lc7mEVqiZ+VKPMkHC3KfFRhI4V7N5mt8CcWRF8q1+/i6ThAKfm+lpYpRsLMNxM2GKQxsnLB3qrzw=
LJ0uR12Kx3jgwv5hJgrirEpkJH2bwH6ZnVKJ9N5L+0LXDXPi+42m3o2cku6kQkN9J3FXxdLaUbp4yRUx1+1JRj4tCVQFs4B7i//VPxH5CSf3ZvFFyX28aeh5RUqpYKjLyunl5cbjf3/brws=
XY445vUo67Keigj6cbwPadamLx0qg5aofR4egem5bCLvxkYpK03pFfc6gN23KDtLvge1P2tDrwG3W8mWzzn3jAEVVpn7NpeYlrf0GVuZeBvBA+WvNQ==
d0SQlSJWyhMODzhuR4EBKgNb46QZaifRtohk71ngC6zpqABhtaQmNk+JFUwfUJXazXgRGC5sx2o9hpffCZDQMsRp7bXRKLdVf9Yx/K8u
ow69g5fiDDtwIWdPBPxOwyZ520KauNn8/erqN0E23p6Vgl0lc7mEVqiZ+VKPMkHC3KfFRhI4V7N5mt8CcWRF8q1+/i6ThAWcm+lpYpRsLMNxM2GKQxsnLB3qrzw=
e7sfobGp+8+LVtMJr5VFYANb46QZaifRtohk71ngC6zpqABhtaQmNk+JFUwfUJXazXgRGC5sx2o+hpffCZDQMsRp7bXRKLdVf9Yx/K8u
3u8hn9EtWvQwPsN66ClfFSd520KauNn8/erqN0E23p6Vgl0lc7mEVqiZ+VKPMkHC3KfFRhI4V7N5mt8CcWRF8q1+/i6ThAacm+lpYpRsLMNxM2GKQxsnLB3qrzw=
v3fahn4nAlT5CUvKkpGmTgNb46QZaifRtohk71ngC6zpqABhtaQmNk+JFUwfUJXazXgRGC5sx2o/hpffCZDQMsRp7bXRKLdVf9Yx/K8u
WQRwn0B8HhBG1gcig0CNySZ52kKauNn8/erqN0E23p6Vgl0lc7mEVqiZ+VKPMkHC3KfFRhI4V7N5mt8CcWRF8q1+/i6ThAecm+lpYpRsLMNxM2GKQxsnLB3qrzw=
1x3DvEJdO9CbGstqmS/ZQ9amLx0qg5aofR4egem5bCLvxkYpK03pFfc6gN23KDtLvge1P2tDrwG3W8mWzzn3hAEVVpn7NpeYlrf0GVuZeBvBA+WvNQ==
zPuPPLQgaxDH3DeUJs5GFfctPS4bZ3pDJ5oQXceIiwtJZ6U/e6PfwQf7ORZfmadPVzVmmQtWR1jGV2SZ6/mIW/Ej9a8l
7uB1/KX/Ty8m0r+oHZIOUTafnKIMG/H1zg0kDmmAjeFuiWZuK4LkPROwx9s1jzG/78sjkcvDbfYrgat/S12S2b/+26hKz9A5P4FEC80L4a8x
Afyg6aNuXAhMovSToWBPwiZ52kKauNn8/erqN0E23p6Vgl0lc7mEVqiZ+VKPMkHC3KfFRhI4V7R5mt8CcWRF8q1+/i6ThAOam+lpYpRsLMNxM2GKQxsnLB3qrzw=
kUzgU1paB4UeCT9O0SjSAy0QrzrTEkUMChuMagbtT4rvvVLGgZye9lByVxUbkYvtpoqFQrSJWYkDPf0uYo31/JHDM+MHf1mnpQmdj4vGLa19Le3RJLkJMv2wXOOWidkN0tMLZ9evBw==
8IxRnYBo3JAYBpCAEyQYs0pkJH2bwH6ZnVKJ9N5L+ELaDXPi+42m3o2cku6kQkN9J3FXxdLaUbp4yRUx1+1JRj4tCVQFs4d7i//VPxH5CSf3ZvFFyXG4aeh5RUqpYKjLyunl5cbjf3/brws=
gcvK1L7v2ROtJXZ9+GAgRdamLx0qg5aofR4egem5bCLvxkYpK03pFfc6gN23KDtLuQe1P2tDrwG3W8mWzzn3igYVVpn7NpeYlrf0GVuZeBvBA+WvNQ==
wbhAdJ1e+CZ/VaoUWRFAOwNb46QZaifRtohk71ngC6zpqABhtaQmNk+OFUwfUJXazXgRGC5sx2o7hJfcCZDQMsRp7bXRKLdVf9Yx/K8u
PXqJ5+iAIVDLiWg2CJKy7Sd520KauNn8/erqN0E23p6Vgl0lc7mEVqiZ+VKPMkHC3KfFRhI4V7R5mt8CcWRF8q1+/i6ThAOem+ppYpRsLMNxM2GKQxsnLB3qrzw=
2s3c9/Y4wgBROxlpi2klbEpkJH2bwH6ZnVKJ9N5L+ELZDXPi+42m3o2cku6kQkN9J3FXxdLaUbp4yRUx1+1JRj4tCVQFs4d7i//VPxH5CSf3ZvFFyXG8aet5RUqpYKjLyunl5cbjf3/brws=
CfMnCx5t4F3UXv4fJSVy4tamLx0qg5aofR4egem5bCLvxkYpK03pFfc6gN23KDtLuQe1P2tDrwG3W8mWzzn3igIVVZn7NpeYlrf0GVuZeBvBA+WvNQ==
Zzm4+WpipyA45/WFUxh12ANb46QZaifRtohk71ngC6zpqABhtaQmNk+OFUwfUJXazXgRGC5sx2o9hpfcCZDQMsRp7bXRKLdVf9Yx/K8u
FXntGchG93Bna/IaW2t2hiZ520KauNn8/erqN0E23p6Vgl0lc7mEVqiZ+VKPMkHC3KfFRhI4V7R5mt8CcWRF8q1+/i6ThAWcm+ppYpRsLMNxM2GKQxsnLB3qrzw=
eNBgUpGWjUNI1gIrnPhDtkpkJH2bwH6ZnVKJ9N5L+ELYDXPi+42m3o2cku6kQkN9J3FXxdLaUbp4yRUx1+1JRj4tCVQFs4d7i//VPxH5CSf3ZvFFyX2/aet5RUqpYKjLyunl5cbjf3/brws=
7wI0/GG0EGqaC8ZL7XsDodamLx0qg5aofR4egem5bCLvxkYpK03pFfc6gN23KDtLuQe1P2tDrwG3W8mWzzn3hQEVVZn7NpeYlrf0GVuZeBvBA+WvNQ==
7gkhTpcQOBhhDxW/nji3IQNb46QZaifRtohk71ngC6zpqABhtaQmNk+OFUwfUJXazXgRGC5sx2o5h5fcCZDQMsRp7bXRKLdVf9Yx/K8u
e1mtmcDs4FrbYI1zgaozPCZ52kKauNn8/erqN0E23p6Vgl0lc7mEVqiZ+VKPMkHC3KfFRhI4V7R5mt8CcWRF8q1+/i6ThAKdm+ppYpRsLMNxM2GKQxsnLB3qrzw=
svsix7CZZECIQJctpajP/wNb46QZaifRtohk71ngC6zpqABhtaQmNk+OFUwfUJXazXgRGC5sx2o6h5fcCZDQMsRp7bXRKLdVf9Yx/K8u
hW+MeZuKQU/Drq8ITjfHLid520KauNn8/erqN0E23p6Vgl0lc7mEVqiZ+VKPMkHC3KfFRhI4V7R5mt8CcWRF8q1+/i6ThAKdm+ppYpRsLMNxM2GKQxsnLB3qrzw=
Rm3jzrczcmRhViraaDuuLANb46QZaifRtohk71ngC6zpqABhtaQmNk+OFUwfUJXazXgRGC5sx2o7h5fcCZDQMsRp7bXRKLdVf9Yx/K8u
37c2a8p70DgZJ25dmiQ//yZ520KauNn8/erqN0E23p6Vgl0lc7mEVqiZ+VKPMkHC3KfFRhI4V7R5mt8CcWRF8q1+/i6ThAOdm+ppYpRsLMNxM2GKQxsnLB3qrzw=
+9DnTtORyFRoBlMcd4AtrgNb46QZaifRtohk71ngC6zpqABhtaQmNk+OFUwfUJXazXgRGC5sx2o8h5fcCZDQMsRp7bXRKLdVf9Yx/K8u
7O4Gn51xYsl9n3juVxlEqid52kKauNn8/erqN0E23p6Vgl0lc7mEVqiZ+VKPMkHC3KfFRhI4V7R5mt8CcWRF8q1+/i6ThASdm+ppYpRsLMNxM2GKQxsnLB3qrzw=
Tcb1gE5Az6p2fFtawuNEHUpkJH2bwH6ZnVKJ9N5L+ELXDXPi+42m3o2cku6kQkN9J3FXxdLaUbp4yRUx1+1JRj4tCVQFs4d7i//VPxH5CSf3ZvFFyX2+aet5RUqpYKjLyunl5cbjf3/brws=
SI8Q1PwBQlyaJVWpZ7sKTtamLx0qg5aofR4egem5bCLvxkYpK03pFfc6gN23KDtLuQe1P2tDrwG3W8mWzzn3jAcVVZn7NpeYlrf0GVuZeBvBA+WvNQ==
b5e+3fsEstzg5cQ5pJ1Z1QNb46QZaifRtohk71ngC6zpqABhtaQmNk+KFUwfUJXazXgRGC5sx2o6hZfdCZDQMsRp7bXRKLdVf9Yx/K8u
olPfIgUhE8HxUDdJshw/TVYy5/lbXLkU2rTt7fTq/ws5Ai6y/aa9eSttVBrgXTkuN8bxrnRDZdqKrMc88R5fvonQNV5F2p7yS9BSU1OvKZ6sGBwvWVdBllsPNyAV7q8A
xVvupw2a//fTcEWtP9mNN+Lzo8be2KjXTirJhc3cz0Xz0hh8TCRJrYzL0FAXJRBcZ/LF1MmniOwP8K5+ZfVcj0sDCj2FvMi8TbyaLQoymyINDn7eM9RGT3vbaVJ0vGyT0cPh+uPL53x92q8M
OWCsGOYygJYS6uzcdvCLi4LKJzMlI3d/0m83SDzJkhSLsl8SSQH3WHQb37BVDjiyq4eLEERpeh4FKgEXT+X0Vtl4LvzTbSDP+tvK5bXkrK1qo5o1Oir7ej3WvgaDjCjXy0PpysQkDMthGyEi05OHZE3CrxQ=
II8XUzok/7bb0KXLiws9qgNb46QZaifRtohk71ngC6zpqABhtaQmNk+KFUwfUJXazXgRGC5sx2o4hpfdCZDQMsRp7bXRKLdVf9Yx/K8u
RA8deI18maLJf3W/edSVFCZ520KauNn8/erqN0E23p6Vgl0lc7mEVqiZ+VKPMkHC3KfFRhI4V7B5mt8CcWRF8q1+/i6ThACcm+tpYpRsLMNxM2GKQxsnLB3qrzw=
GjKnh2EvnhBh7pWYBv5npQNb46QZaifRtohk71ngC6zpqABhtaQmNk+KFUwfUJXazXgRGC5sx2o9hpfdCZDQMsRp7bXRKLdVf9Yx/K8u
88uxopm6zXtilGruQ1/rv1cy5/lbXLkU2rTt7fTq/ws5Ai6y/aa9eSttVBrgXTkuN8bxrnRDZdqKrMc88R5fvonQNV5F2p7yS9BVUFOvKZ6sGBwvWVdBllsPNyAV7q8A
aCWxDzeqZNRTNoQ65qELM04lKhXshMDFx7AyUVmcyaeQaDis/TII5sydqtaJnJbmqFJ/ZUNRcz0O6h3yPAnR+ZudFf7aza3MeSMP8w9/UbedafW/UwaV/RWFciGuOYGCZVD0s+7JAf3683N3368P
pi9cMnQZOXeRyWk5vx7WsNamLx0qg5aofR4egem5bCLvxkYpK03pFfc6gN23KDtLvQe1P2tDrwG3W8mWzzn3jgAVVJn7NpeYlrf0GVuZeBvBA+WvNQ==
dLkpjbboC7SpLtkjIqfbnRoEfcU+7CmW++4EBJ/SLWJJgt8aQbwlah0mPnajnGVCK3zp+iS0TNtBa6HS84NH9C3yryQ=
tYC+MuoORujd665OA5b47lDQ4c1CISzTgnhFtsBNOR5XFjmPw8LkcFeOncbRDl+O6QD1LuVKHkKrgBWmc7AprszI3F/5x8Emu1930DX+rzA=
wCMp4q3L0J1ebsNP92O/jWC0doAe7cQR7ZgfMbmYkkJ5EE7TyJSUGlFj45wiBskYp5YfSTtMJ5G7+dXTf3+hl80pRV/DhuVdxUFFQbE5kaIVECRTXkmRXQozIxfvrz8=
uppHUvtRc1mr+xs+qzJD6l9cu0BwAn+f0HznjX5p6+YhmmQI7V6wiNl+Q0pKwLLvk/P7kVAJbX45rG4BVojKQCKS15C0ntvk1SDVbB9wVXpN2NE4LowHCr1hV7IJcJBSRImt1dEI9/X/dnHcrw4=
zw7ADWMgSF4Z4736AZ/AJQEowIQiY0vNExywppvcnf4FfVmc5eUhca93rT9zs7chXysBVofpXy/7heIZg6Yv+H7nvNkTqVB72TP9ry0=
fvc6AXWsUO2xJVeC3pLSCWC0doAe7cQR7ZgfMbmYkkJ5EE7TyJSUGlFj45wiBskYp5YfSTtMJ5G7+dXTf3+hl80pRV/DhuVdxUdBQbA5kaIVECRTXkmRXQozIxfvrz8=
cbxlam4uEESevxVWfXS6X19cu0BwAn+f0HznjX5p6vk/mmQI7V6wiNl+Q0pKwLLvk/P7kVAJbX45rG4BVojKQCKS15C0ntvk1SDVbB9wVXpN2NE4LowHCrBkV7MJcJBSRImt1dEI9/X/dnHcrw4=
PvnXFvMWYfZTdTSJfKPEoV+vNrNbYnS9oxAXm8PvIb//K1NRm2PddrvhWzWcfa7Yzx6LaPpvQLnP4ZRL/SvxryE=
HvjSy6mI2A4hQ8YWaidhLeZhOSEaYXpeJ5oQXceIiwtPZ6U/e6PfwQf7ORZfmadMVzVqmAtWR1jGV2SZ6/mIW/Ej9a8l
ORXz8KXysxfzYURP61M2cK2n329H0r/iUlsc7LjRJL44EXnaH9rhqgxvhY7CUHdaaZLfCmGMZZp9tr7mQ+yhdgtl7+oEhIyrofshQpNzB8QN4q80
rCLaxudaq/x7hM/iZ3QqMvctPS4bZ3pDJ5oQXceIiwtNZ6U/e6PfwQf7ORZfmadNUTVinwtWR1jGV2SZ6/mIW/Ej9a8l
updwToArmfplIBeaqPcPFTafnKIMG/H1zg0kDmmAjeFuiWZuK4LkPROwx9sxjzG/78sjkcvDbfYrgat9TV2W37/+26hKz9A5P4FEC80L4a8x
1D0bL3EQtCK1g3C4tRk3Lyd520KauNn8/erqN0E23p6Vgl0lc7mEVqiZ+VKPMkHC3KfFRhI4V7B5mt8CcWRF8q1+/i6ThAGcm+1vYpRsLMNxM2GKQxsnLB3qrzw=
tPGZ9mBMBerYm3zboY4a/ktqcC3bj2uZmk6S8cJb5FzPE2z9542on8/ZlO+uA0AkPDQAmdvBUbp4yRUx1+1JRj4tCVQFs4F7i//VPxH5CSf3ZvFFyXa/ae9/RUqpYKjLyunl5cbjf3/brws=
0iescOj+8kUen/PpIWwYY0tqcC3bj2uZmk6S8cJb5FzPE2z4542on8/ZlO+uA0AkPDQAmdvBUbp4yRUx1+1JRj4tCVQFs4F7i//VPxH5CSf3ZvFFyXe/ae5/RUqpYKjLyunl5cbjf3/brws=
vMyFBLE0Il9xs6PGWBsF/EtqcC3bj2uZmk6S8cJb5FzPE2z5542on8/ZlO+uA0AkPDQAmdvBUbp4yRUx1+1JRj4tCVQFs4F7i//VPxH5CSf3ZvFFyXS+ae5/RUqpYKjLyunl5cbjf3/brws=
F2ohMgcy8guuXW4E2bp0wOZhOSEaYXpeJ5oQXceIiwtNZ6U/e6PfwQf7ORZfmadMUjVnnwtWR1jGV2SZ6/mIW/Ej9a8l
nonhgT4yLI1qzCH7RC21t62n329H0r/iUlsc7LjRJL44EXnaH9rhqgxvhY7CUHdYaZLfCmGMZZp9tr7mQ+ypdwtg7+oEhIyrofshQpNzB8QN4q80
WDmsrFz69H7b2Eb8duY4ZWOd2GKWvFyBx6VHy775JQHUKWaDzoKZVykXTx+Wyeyr53plthDluaanXlHGxLulktp0JxSBJl+2mcgVtnWi3jqbiDD7oxWvFjyAvEfpr4HeC9fXCGXWrwg=
+5Wywae3tWO8QdA0nghlek8rfkWsy9XFwKwpVEWM1rmAazik+C0e4sSCuJzL2ZDnohN8PFgUJGEH8R3yPAnR+ZudFf7aza3MeSMP8w9/UbedafW/UwaV/RWDcCGsP4GCZVD0s+7JAf3683N3368P
vptBICKnN4Db6s/jff4a1BoEfcU+7CmW++4EBJ/SLWJIgt8aQbwlah0mPnajnGVHK3Lv+iS0TNtBa6HS84NH9C3yryQ=
CwUIaHBPuTPgWAM0mZJ5TVDQ4c1CISzTgnhFtsBNOR5XFjmPw8LkcFeOncbQDl+O6QD1LuVKHkKrgBWjc74vrszI3F/5x8Emu1930DX+rzA=
ZjVUrdZwigh/c8OzmugUekzY/YRdNj3SzW8X4I5DNhZWGnqEw8LkcFeOncbQDl+O6QD1LuVKHkKrgBWjc74vrszI3F/5x8Emu1930DX+rzA=
bSLW0zV5ON530ut041Utmy6Xiq5BSr3zixwjFHzEjOZnhCkucZX1PAmNtcE7jjG/78sjkcvDbfYrgat8TV2R37/+26hKz9A5P4FEC80L4a8x
FEQ8LfUp8QUGQVEn0rGwVa+M4kOpkDckvJyDSnUAUsustHAiLVMv1GbGDVDrZqMxn6yDCSdpWVr7/yUfQbnZx2fmQaV5NI+J+39Valkg2Gs6aXVFFiMvH+uvOw==
FFYjzlazefU5C8z/TUmkkAEowIQiY0vNExywppvcnf4FfVmc5eUhca92rT9zs7chXysBVofpXyz7hewfg6Yv+H7nvNkTqVB72TP9ry0=
KyaNOoeFJEVxmp8OE8SeLUzY/YRdNj3SzW8X4I5DNhZWGnqEw8LkcFeOncbQDl+O6QD1LuVKHkKrgBCic78vrszI3F/5x8Emu1930DX+rzA=
Mzl0Dj9wwzRF5tzmW7jPRktqcC3bj2uZmk6S8cJb5FzPE2z854yon8/ZlO+uA0AkPDQAmdvBUbp4yRUx1+1JRj4tCVQFs4N7i//VPxH5CSf3ZvFFyXy8aep/RUqpYKjLyunl5cbjf3/brws=
xYz3f24yIZOOilHEfgDhK1+vNrNbYnS9oxAXm8DvIb//K1NRm2PddrvhWzSbfaDfzx6LaPpvQLnP4ZRL/SvxryE=
y3JmuQCVhtUYv8oas1mYKOZhOSEaYXpeJ5oQXceIiwtMZ6U/e6PfwQf7ORZfmadFVzVknwtWR1jGV2SZ6/mIW/Ej9a8l
CsnhMulq3fUJW/UKFtaYya2n329H0r/iUlsc7LjRJL44EXnaH9rhqgxvhY7CUHdZaZLfCmGMZZp9tr7mQ+ypdwts7+oEhIyrofshQpNzB8QN4q80
wUDogmHjZsWYY7x0+4rXKUtqcC3bj2uZmk6S8cJb5FzPE2z854yon8/ZlO+uA0AkPDQAmdvBUbp4yRUx1+1JRj4tCVQFs4J7i//VPxH5CSf3ZvFFyXa+aeV/RUqpYKjLyunl5cbjf3/brws=
UeneWDULuQnDUxTKLia2z1+vNrNbYnS9oxAXm8LvIb//K1NRm2PddrvhWz6afa/fzx6LaPpvQLnP4ZRL/SvxryE=
tzF8p3GVZ45+nqyFt18tTeZhOSEaYXpeJ5oQXceIiwtOZ6U/e6PfwQf7ORZfmadPVjVrnwtWR1jGV2SZ6/mIW/Ej9a8l
S9fuPAKyXoeDZ8ghda0Tgq2n329H0r/iUlsc7LjRJL44EXnaH9rhqgxvhY7CUHdbaZLfCmGMZZp9tr7mQ+yocwts7+oEhIyrofshQpNzB8QN4q80
PG0qIaCvCGk8wod7R7VD9NvjHk0f/zf3Vs4be+rCaIPNhplbMQN/476tjIcfTjXq2CF56v+KoXqsHwV+YgC3iwmi3zoBXKXK3UY+luM85CfrXe/a5NTMewGLobIzI8cUbdKvBA==
qrxl5nO0/k7CLyhQ6Aw5sUtqcC3bj2uZmk6S8cJb5FzPE2z854yon8/ZlO+uA0AkPDQAmdvBUbp4yRUx1+1JRj4tCVQFs4B7i//VPxH5CSf3ZvFFyXy8aeR/RUqpYKjLyunl5cbjf3/brws=
fDOCLeLcOfj9NHzvegcHqF+vNrNbYnS9oxAXm8XvIb//K1NRm2PddrvhWzicfa7fzx6LaPpvQLnP4ZRL/SvxryE=
7D1Kr04025qKAWeFfgdQN+ZhOSEaYXpeJ5oQXceIiwtJZ6U/e6PfwQf7ORZfmadJUDVqnwtWR1jGV2SZ6/mIW/Ej9a8l
KBNJIqxY3LigaLS6VEBP/q2n329H0r/iUlsc7LjRJL44EXnaH9rhqgxvhY7CUHdcaZLfCmGMZZp9tr7mQ+yicgtt7+oEhIyrofshQpNzB8QN4q80
lFsDBnEVXanTJa+lUjoCwktqcC3bj2uZmk6S8cJb5FzPE2z854yon8/ZlO+uA0AkPDQAmdvBUbp4yRUx1+1JRj4tCVQFs4d7i//VPxH5CSf3ZvFFyXC4aeR/RUqpYKjLyunl5cbjf3/brws=
BZcZh2ZltPi7OQhgpiGXhks1JnAAJTk8GeXNoQdVeuf8qfNcPezMOxk0I8j5rAh1lfDuch9svdifxD0+nTzZTA54z24g4L8MTkR4VlTtZSFxfH8RLzIZ6K86
0bEmE0d5YEbkqEWq9YKdvU3wwFInDYqvvGFDBN1UXLOZvLNwmXS4PVU4nqo/FK3Qn8wtRr3kqYTOMH+2QFgvhM7M6O60tdXpMTSPSQ/KCeCvMg==
KygUXz9er92/1Lo9QIm7Oyd520KauNn8/erqN0E23p6Vgl0lc7mEVqiZ+VKPMkHC3KfFRhI4V7J5mt8CcWRF8q1+/i6ThAiem+5uYpRsLMNxM2GKQxsnLB3qrzw=
IGXvrGL5+Jcg3W9VK8sHPgNb46QZaifRtohk71ngC6zpqABhtaQmNk+IFUwfUJXazXgRGC5sx2oxhJfYDpDQMsRp7bXRKLdVf9Yx/K8u
/7+c797fVuFnVT5ludXxdiZ52kKauNn8/erqN0E23p6Vgl0lc7mEVqiZ+VKPMkHC3KfFRhI4V7J5mt8CcWRF8q1+/i6ThAmem+5uYpRsLMNxM2GKQxsnLB3qrzw=
0oinpgny1OCE9ZgFDKDGKwNb46QZaifRtohk71ngC6zpqABhtaQmNk+IFUwfUJXazXgRGC5sx2o4hZfYDpDQMsRp7bXRKLdVf9Yx/K8u
jpVdgY6oVHCUjUi+vOrE4Sd52kKauNn8/erqN0E23p6Vgl0lc7mEVqiZ+VKPMkHC3KfFRhI4V7J5mt8CcWRF8q1+/i6ThACfm+5uYpRsLMNxM2GKQxsnLB3qrzw=
ve7DfAo79RBX3pL5Wlc02wNb46QZaifRtohk71ngC6zpqABhtaQmNk+IFUwfUJXazXgRGC5sx2o5hZfYDpDQMsRp7bXRKLdVf9Yx/K8u
vAAmz6+8gkiTFt/2h5BesCZ520KauNn8/erqN0E23p6Vgl0lc7mEVqiZ+VKPMkHC3KfFRhI4V7J5mt8CcWRF8q1+/i6ThAGfm+5uYpRsLMNxM2GKQxsnLB3qrzw=
EZDvRUikNeR3TKQFuSuEFANb46QZaifRtohk71ngC6zpqABhtaQmNk+IFUwfUJXazXgRGC5sx2o6hZfYDpDQMsRp7bXRKLdVf9Yx/K8u
0UifXE0gPVIj/cAmuVAC6Sd520KauNn8/erqN0E23p6Vgl0lc7mEVqiZ+VKPMkHC3KfFRhI4V7J5mt8CcWRF8q1+/i6ThAKfm+5uYpRsLMNxM2GKQxsnLB3qrzw=
5BUqzx9L/xUFGWxjnyP/iE3wwFInDYqvvGFDBN1UXLOZvLNwmXS4PVU4nqo/F63Qn8wtRr3kqYTOMH+2SFwvhM7M6O60tdXpMTSPSQ/KCeCvMg==
GP64q5pNl5tgcfIAheTZmCd520KauNn8/erqN0E23p6Vgl0lc7mEVqiZ+VKPMkHC3KfFRhI4V7F5mt8CcWRF8q1+/i6ThACam+5uYpRsLMNxM2GKQxsnLB3qrzw=
SsrGwNZJowwt2utbm3q0+gNb46QZaifRtohk71ngC6zpqABhtaQmNk+LFUwfUJXazXgRGC5sx2o5gJfYDpDQMsRp7bXRKLdVf9Yx/K8u
C8N1+K3f/AFJh+iOAVgcVCZ52kKauNn8/erqN0E23p6Vgl0lc7mEVqiZ+VKPMkHC3KfFRhI4V7F5mt8CcWRF8q1+/i6ThAGam+5uYpRsLMNxM2GKQxsnLB3qrzw=
qmHm5ShyF1ruIWxBGUSlogNb46QZaifRtohk71ngC6zpqABhtaQmNk+LFUwfUJXazXgRGC5sx2o7gJfYDpDQMsRp7bXRKLdVf9Yx/K8u
exLeIQepNuZRGahER7PJDSZ520KauNn8/erqN0E23p6Vgl0lc7mEVqiZ+VKPMkHC3KfFRhI4V7F5mt8CcWRF8q1+/i6ThAOam+5uYpRsLMNxM2GKQxsnLB3qrzw=
6IgdO4FDRrUtHKpjHDYLtANb46QZaifRtohk71ngC6zpqABhtaQmNk+LFUwfUJXazXgRGC5sx2owgJfYDpDQMsRp7bXRKLdVf9Yx/K8u
uc8zdM1Lr/QsM01re1RI/Sd520KauNn8/erqN0E23p6Vgl0lc7mEVqiZ+VKPMkHC3KfFRhI4V7F5mt8CcWRF8q1+/i6ThAiam+5uYpRsLMNxM2GKQxsnLB3qrzw=
XqZoRonXiHrqROFpzsXDIQNb46QZaifRtohk71ngC6zpqABhtaQmNk+LFUwfUJXazXgRGC5sx2o5gZfYDpDQMsRp7bXRKLdVf9Yx/K8u
G/fdJ+KYq/vGhs7+cFFT0yZ52kKauNn8/erqN0E23p6Vgl0lc7mEVqiZ+VKPMkHC3KfFRhI4V7F5mt8CcWRF8q1+/i6ThAGbm+5uYpRsLMNxM2GKQxsnLB3qrzw=
ImeGZg5souEKf315qIxsIwNb46QZaifRtohk71ngC6zpqABhtaQmNk+LFUwfUJXazXgRGC5sx2o+gZfYDpDQMsRp7bXRKLdVf9Yx/K8u
3+EHBtNrZELBAdbBirXsQCqXgOsTDOD0gRp2WCeOgulvhSVlK4LkPROwx9swjzG/78sjkcvDbfYrgat6Sl2V3r/+26hKz9A5P4FEC80L4a8x
WPk6tAE+JIBDFrGZpd0ojE3wwFInDYqvvGFDBN1UXLOZvLNwmXS4PVU4nqo/F63Qn8wtRr3kqYTOMH+2T10vhM7M6O60tdXpMTSPSQ/KCeCvMg==
VoAKDRqk+tMuxW13/GokvktqcC3bj2uZmk6S8cJb5FzPE2z9542on8/ZlO+uA0AkPDQAmdvBUbp4yRUx1+1JRj4tCVQFs4N7i//VPxH5CSf3ZvFFyXG8ael+RUqpYKjLyunl5cbjf3/brws=
gClVvuhrtJk3mu3LSw8WxUtqcC3bj2uZmk6S8cJb5FzPE2z+542on8/ZlO+uA0AkPDQAmdvBUbp4yRUx1+1JRj4tCVQFs4N7i//VPxH5CSf3ZvFFyXS+ael+RUqpYKjLyunl5cbjf3/brws=
JteDqXbAbJzDURKLT4pngktqcC3bj2uZmk6S8cJb5FzPE2z6542on8/ZlO+uA0AkPDQAmdvBUbp4yRUx1+1JRj4tCVQFs4N7i//VPxH5CSf3ZvFFyXy+ael+RUqpYKjLyunl5cbjf3/brws=
SfslwOpm9EzfjczRBPNtLq2n329H0r/iUlsc7LjRJL44EXnaH9rhqgxvhY7CUHdZaZLfCmGMZZp9tr7mQ+yidwth7uoEhIyrofshQpNzB8QN4q80
Q5qCielWOd0keI3briDTmktqcC3bj2uZmk6S8cJb5FzPE2z+542on8/ZlO+uA0AkPDQAmdvBUbp4yRUx1+1JRj4tCVQFs4J7i//VPxH5CSf3ZvFFyXe5aeh+RUqpYKjLyunl5cbjf3/brws=
n6jhk5CarE+KPmoVsXW52EtqcC3bj2uZmk6S8cJb5FzPE2z/542on8/ZlO+uA0AkPDQAmdvBUbp4yRUx1+1JRj4tCVQFs4J7i//VPxH5CSf3ZvFFyXK9aet+RUqpYKjLyunl5cbjf3/brws=
n6lFfdD8Ot+RrSrh+Jz3gUtqcC3bj2uZmk6S8cJb5FzPE2z/542on8/ZlO+uA0AkPDQAmdvBUbp4yRUx1+1JRj4tCVQFs4B7i//VPxH5CSf3ZvFFyXG/aet+RUqpYKjLyunl5cbjf3/brws=
Rp9JGISGkna/FSDrTtrAFUtqcC3bj2uZmk6S8cJb5FzPE2z0542on8/ZlO+uA0AkPDQAmdvBUbp4yRUx1+1JRj4tCVQFs4B7i//VPxH5CSf3ZvFFyXG+aet+RUqpYKjLyunl5cbjf3/brws=
hdrUk9eTkxFoEWq9Qum9SUtqcC3bj2uZmk6S8cJb5FzPE2z4542on8/ZlO+uA0AkPDQAmdvBUbp4yRUx1+1JRj4tCVQFs4B7i//VPxH5CSf3ZvFFyXe5aet+RUqpYKjLyunl5cbjf3/brws=
M1bdbjVduInxvmXcjdE4YEtqcC3bj2uZmk6S8cJb5FzPE2z5542on8/ZlO+uA0AkPDQAmdvBUbp4yRUx1+1JRj4tCVQFs4d7i//VPxH5CSf3ZvFFyXe8aep+RUqpYKjLyunl5cbjf3/brws=
55Lz9ojM1H8U4kOYeXGTGUtqcC3bj2uZmk6S8cJb5FzPE2z6542on8/ZlO+uA0AkPDQAmdvBUbp4yRUx1+1JRj4tCVQFs4d7i//VPxH5CSf3ZvFFyXa/aep+RUqpYKjLyunl5cbjf3/brws=
jOeswEDXRtRryM51yz9wGUtqcC3bj2uZmk6S8cJb5FzPE2z7542on8/ZlO+uA0AkPDQAmdvBUbp4yRUx1+1JRj4tCVQFs4d7i//VPxH5CSf3ZvFFyXy+aep+RUqpYKjLyunl5cbjf3/brws=
820nYjO+Ow+njNp/oyXeGktqcC3bj2uZmk6S8cJb5FzPE2z0542on8/ZlO+uA0AkPDQAmdvBUbp4yRUx1+1JRj4tCVQFs4d7i//VPxH5CSf3ZvFFyXG5aep+RUqpYKjLyunl5cbjf3/brws=
DkI7Cco5lm5v9frXt1NDzbBENX3NQl7jnkk01QsDJ2J3pBMJUjLOhVLR1ywEe3rBacOoYRCA24FbYgkpVkkVCGwiZw03TzhEuSPivHg9uJ4dFQkESQxjfnHGSDQeECngb0ux1lfJT+4KJb4bU0WfuG4HbFljiaC7SVPNrx0=
